{"HOST":"proinso.sa.com","REQUEST_URI":"\/flujo\/login.php","requestType":"POST","cookie":{"PHPSESSID":"59507f914ed1b5b2dc68bf1e8792ceb1"},"timestamp":1546523442,"message":"OWASP CSRF PROTECTOR VALIDATION FAILURE"}
{"HOST":"proinso.py.digital","REQUEST_URI":"\/flujo\/login.php","requestType":"POST","cookie":{"PHPSESSID":"61437230ec598dc81473b418d1edf80c"},"timestamp":1546531050,"message":"OWASP CSRF PROTECTOR VALIDATION FAILURE"}
{"HOST":"proinso.py.digital","REQUEST_URI":"\/flujo\/login.php","requestType":"POST","cookie":{"PHPSESSID":"61437230ec598dc81473b418d1edf80c"},"timestamp":1546531071,"message":"OWASP CSRF PROTECTOR VALIDATION FAILURE"}
{"HOST":"proinso.py.digital","REQUEST_URI":"\/flujo\/login.php","requestType":"POST","cookie":{"PHPSESSID":"61437230ec598dc81473b418d1edf80c"},"timestamp":1546531079,"message":"OWASP CSRF PROTECTOR VALIDATION FAILURE"}
{"HOST":"proinso.py.digital","REQUEST_URI":"\/flujo\/login.php","requestType":"POST","cookie":{"PHPSESSID":"61437230ec598dc81473b418d1edf80c"},"timestamp":1546531089,"message":"OWASP CSRF PROTECTOR VALIDATION FAILURE"}
{"HOST":"proinso.sa.com","REQUEST_URI":"\/flujo\/login.php","requestType":"POST","cookie":{"PHPSESSID":"7f15118a18c51194ab6aeed2ec087619"},"timestamp":1546593680,"message":"OWASP CSRF PROTECTOR VALIDATION FAILURE"}
{"HOST":"proinso.sa.com","REQUEST_URI":"\/flujo\/login.php","requestType":"POST","cookie":{"PHPSESSID":"7f15118a18c51194ab6aeed2ec087619"},"timestamp":1546593684,"message":"OWASP CSRF PROTECTOR VALIDATION FAILURE"}
{"HOST":"proinso.py.digital","REQUEST_URI":"\/flujo\/login.php","requestType":"POST","cookie":{"PHPSESSID":"097859a09051c6bc5803b69b60be1ab6"},"timestamp":1546699813,"message":"OWASP CSRF PROTECTOR VALIDATION FAILURE"}
{"HOST":"proinso.py.digital","REQUEST_URI":"\/flujo\/login.php","requestType":"POST","cookie":{"PHPSESSID":"097859a09051c6bc5803b69b60be1ab6"},"timestamp":1546699816,"message":"OWASP CSRF PROTECTOR VALIDATION FAILURE"}
{"HOST":"proinso.py.digital","REQUEST_URI":"\/flujo\/login.php","requestType":"POST","cookie":{"PHPSESSID":"097859a09051c6bc5803b69b60be1ab6"},"timestamp":1546699821,"message":"OWASP CSRF PROTECTOR VALIDATION FAILURE"}
{"HOST":"proinso.py.digital","REQUEST_URI":"\/flujo\/login.php","requestType":"POST","cookie":{"PHPSESSID":"097859a09051c6bc5803b69b60be1ab6"},"timestamp":1546699830,"message":"OWASP CSRF PROTECTOR VALIDATION FAILURE"}
{"HOST":"proinso.py.digital","REQUEST_URI":"\/flujo\/login.php","requestType":"POST","cookie":{"PHPSESSID":"097859a09051c6bc5803b69b60be1ab6"},"timestamp":1546699837,"message":"OWASP CSRF PROTECTOR VALIDATION FAILURE"}
{"HOST":"proinso.py.digital","REQUEST_URI":"\/flujo\/login.php","requestType":"POST","cookie":{"PHPSESSID":"097859a09051c6bc5803b69b60be1ab6"},"timestamp":1546699855,"message":"OWASP CSRF PROTECTOR VALIDATION FAILURE"}
{"HOST":"proinso.sa.com","REQUEST_URI":"\/flujo\/login.php","requestType":"POST","cookie":{"PHPSESSID":"2b56d3f2d78b9a73e47f34b4ee9d8d52"},"timestamp":1546952602,"message":"OWASP CSRF PROTECTOR VALIDATION FAILURE"}
{"HOST":"proinso.sa.com","REQUEST_URI":"\/flujo\/login.php","requestType":"POST","cookie":{"PHPSESSID":"2b56d3f2d78b9a73e47f34b4ee9d8d52"},"timestamp":1546967283,"message":"OWASP CSRF PROTECTOR VALIDATION FAILURE"}
{"HOST":"proinso.sa.com","REQUEST_URI":"\/flujo\/login.php","requestType":"POST","cookie":{"PHPSESSID":"134a265b1913e1dd9d5be013a64e18bc"},"timestamp":1546980640,"message":"OWASP CSRF PROTECTOR VALIDATION FAILURE"}
{"HOST":"proinso.sa.com","REQUEST_URI":"\/flujo\/login.php","requestType":"POST","cookie":{"PHPSESSID":"134a265b1913e1dd9d5be013a64e18bc"},"timestamp":1546980647,"message":"OWASP CSRF PROTECTOR VALIDATION FAILURE"}
{"HOST":"proinso.sa.com","REQUEST_URI":"\/flujo\/login.php","requestType":"POST","cookie":{"PHPSESSID":"134a265b1913e1dd9d5be013a64e18bc"},"timestamp":1546980647,"message":"OWASP CSRF PROTECTOR VALIDATION FAILURE"}
{"HOST":"proinso.sa.com","REQUEST_URI":"\/flujo\/login.php","requestType":"POST","cookie":{"PHPSESSID":"134a265b1913e1dd9d5be013a64e18bc"},"timestamp":1546980649,"message":"OWASP CSRF PROTECTOR VALIDATION FAILURE"}
{"HOST":"proinso.sa.com","REQUEST_URI":"\/flujo\/login.php","requestType":"POST","cookie":{"PHPSESSID":"134a265b1913e1dd9d5be013a64e18bc"},"timestamp":1546980661,"message":"OWASP CSRF PROTECTOR VALIDATION FAILURE"}
{"HOST":"proinso.sa.com","REQUEST_URI":"\/flujo\/login.php","requestType":"POST","cookie":{"PHPSESSID":"134a265b1913e1dd9d5be013a64e18bc"},"timestamp":1546980661,"message":"OWASP CSRF PROTECTOR VALIDATION FAILURE"}
{"HOST":"proinso.sa.com","REQUEST_URI":"\/flujo\/login.php","requestType":"POST","cookie":{"PHPSESSID":"134a265b1913e1dd9d5be013a64e18bc"},"timestamp":1546980661,"message":"OWASP CSRF PROTECTOR VALIDATION FAILURE"}
{"HOST":"proinso.sa.com","REQUEST_URI":"\/flujo\/login.php","requestType":"POST","cookie":{"PHPSESSID":"134a265b1913e1dd9d5be013a64e18bc"},"timestamp":1546980662,"message":"OWASP CSRF PROTECTOR VALIDATION FAILURE"}
{"HOST":"proinso.sa.com","REQUEST_URI":"\/flujo\/login.php","requestType":"POST","cookie":{"PHPSESSID":"2259b264d5484e279ff3f6538968ad93"},"timestamp":1547081187,"message":"OWASP CSRF PROTECTOR VALIDATION FAILURE"}
{"HOST":"proinso.sa.com","REQUEST_URI":"\/flujo\/login.php","requestType":"POST","cookie":{"PHPSESSID":"2259b264d5484e279ff3f6538968ad93"},"timestamp":1547081195,"message":"OWASP CSRF PROTECTOR VALIDATION FAILURE"}
{"HOST":"proinso.sa.com","REQUEST_URI":"\/flujo\/login.php","requestType":"POST","cookie":{"PHPSESSID":"2259b264d5484e279ff3f6538968ad93"},"timestamp":1547081200,"message":"OWASP CSRF PROTECTOR VALIDATION FAILURE"}
{"HOST":"proinso.py.digital","REQUEST_URI":"\/flujo\/login.php","requestType":"POST","cookie":{"PHPSESSID":"3a4a857eb5adec58c76f4ec75740c6ee"},"timestamp":1547129133,"message":"OWASP CSRF PROTECTOR VALIDATION FAILURE"}
{"HOST":"proinso.py.digital","REQUEST_URI":"\/flujo\/login.php","requestType":"POST","cookie":{"PHPSESSID":"3a4a857eb5adec58c76f4ec75740c6ee"},"timestamp":1547129135,"message":"OWASP CSRF PROTECTOR VALIDATION FAILURE"}
{"HOST":"proinso.py.digital","REQUEST_URI":"\/flujo\/login.php","requestType":"POST","cookie":{"PHPSESSID":"3a4a857eb5adec58c76f4ec75740c6ee"},"timestamp":1547129137,"message":"OWASP CSRF PROTECTOR VALIDATION FAILURE"}
{"HOST":"proinso.py.digital","REQUEST_URI":"\/flujo\/login.php","requestType":"POST","cookie":{"PHPSESSID":"3a4a857eb5adec58c76f4ec75740c6ee"},"timestamp":1547129138,"message":"OWASP CSRF PROTECTOR VALIDATION FAILURE"}
{"HOST":"proinso.py.digital","REQUEST_URI":"\/flujo\/login.php","requestType":"POST","cookie":{"PHPSESSID":"3a4a857eb5adec58c76f4ec75740c6ee"},"timestamp":1547129139,"message":"OWASP CSRF PROTECTOR VALIDATION FAILURE"}
{"HOST":"proinso.py.digital","REQUEST_URI":"\/flujo\/login.php","requestType":"POST","cookie":{"PHPSESSID":"867d8060bb105e53d7863b4ed56f8581"},"timestamp":1547142702,"message":"OWASP CSRF PROTECTOR VALIDATION FAILURE"}
{"HOST":"proinso.py.digital","REQUEST_URI":"\/flujo\/login.php","requestType":"POST","cookie":{"PHPSESSID":"867d8060bb105e53d7863b4ed56f8581"},"timestamp":1547142705,"message":"OWASP CSRF PROTECTOR VALIDATION FAILURE"}
{"HOST":"proinso.py.digital","REQUEST_URI":"\/flujo\/login.php","requestType":"POST","cookie":{"PHPSESSID":"867d8060bb105e53d7863b4ed56f8581"},"timestamp":1547142706,"message":"OWASP CSRF PROTECTOR VALIDATION FAILURE"}
{"HOST":"proinso.py.digital","REQUEST_URI":"\/flujo\/login.php","requestType":"POST","cookie":{"PHPSESSID":"867d8060bb105e53d7863b4ed56f8581"},"timestamp":1547142707,"message":"OWASP CSRF PROTECTOR VALIDATION FAILURE"}
{"HOST":"proinso.py.digital","REQUEST_URI":"\/flujo\/login.php","requestType":"POST","cookie":{"PHPSESSID":"867d8060bb105e53d7863b4ed56f8581"},"timestamp":1547142707,"message":"OWASP CSRF PROTECTOR VALIDATION FAILURE"}
{"HOST":"proinso.py.digital","REQUEST_URI":"\/flujo\/login.php","requestType":"POST","cookie":{"PHPSESSID":"867d8060bb105e53d7863b4ed56f8581"},"timestamp":1547142713,"message":"OWASP CSRF PROTECTOR VALIDATION FAILURE"}
{"HOST":"proinso.sa.com","REQUEST_URI":"\/flujo\/login.php","requestType":"POST","cookie":{"csrfp_token":"48f20df290","PHPSESSID":"d7a775cdb38f6abcef9b3e6577db446e"},"timestamp":1547216197,"message":"OWASP CSRF PROTECTOR VALIDATION FAILURE"}
{"HOST":"proinso.sa.com","REQUEST_URI":"\/flujo\/login.php","requestType":"POST","cookie":{"PHPSESSID":"9b5632e1e0e773360800dc92d8564322"},"timestamp":1547257533,"message":"OWASP CSRF PROTECTOR VALIDATION FAILURE"}
{"HOST":"proinso.py.digital","REQUEST_URI":"\/flujo\/login.php","requestType":"POST","cookie":{"PHPSESSID":"3a4a857eb5adec58c76f4ec75740c6ee"},"timestamp":1547300816,"message":"OWASP CSRF PROTECTOR VALIDATION FAILURE"}
{"HOST":"proinso.py.digital","REQUEST_URI":"\/flujo\/login.php","requestType":"POST","cookie":{"PHPSESSID":"3a4a857eb5adec58c76f4ec75740c6ee"},"timestamp":1547300820,"message":"OWASP CSRF PROTECTOR VALIDATION FAILURE"}
{"HOST":"proinso.py.digital","REQUEST_URI":"\/flujo\/login.php","requestType":"POST","cookie":{"PHPSESSID":"3a4a857eb5adec58c76f4ec75740c6ee"},"timestamp":1547300821,"message":"OWASP CSRF PROTECTOR VALIDATION FAILURE"}
{"HOST":"proinso.py.digital","REQUEST_URI":"\/flujo\/login.php","requestType":"POST","cookie":{"PHPSESSID":"3a4a857eb5adec58c76f4ec75740c6ee"},"timestamp":1547300822,"message":"OWASP CSRF PROTECTOR VALIDATION FAILURE"}
{"HOST":"proinso.py.digital","REQUEST_URI":"\/flujo\/login.php","requestType":"POST","cookie":{"PHPSESSID":"66de485c09b1431cdf619f46f79c67c4"},"timestamp":1547302922,"message":"OWASP CSRF PROTECTOR VALIDATION FAILURE"}
{"HOST":"proinso.py.digital","REQUEST_URI":"\/flujo\/login.php","requestType":"POST","cookie":{"PHPSESSID":"66de485c09b1431cdf619f46f79c67c4"},"timestamp":1547302940,"message":"OWASP CSRF PROTECTOR VALIDATION FAILURE"}
{"HOST":"proinso.py.digital","REQUEST_URI":"\/flujo\/login.php","requestType":"POST","cookie":{"PHPSESSID":"66de485c09b1431cdf619f46f79c67c4"},"timestamp":1547302943,"message":"OWASP CSRF PROTECTOR VALIDATION FAILURE"}
{"HOST":"proinso.py.digital","REQUEST_URI":"\/flujo\/login.php","requestType":"POST","cookie":{"PHPSESSID":"66de485c09b1431cdf619f46f79c67c4"},"timestamp":1547302952,"message":"OWASP CSRF PROTECTOR VALIDATION FAILURE"}
{"HOST":"proinso.py.digital","REQUEST_URI":"\/flujo\/login.php","requestType":"POST","cookie":{"PHPSESSID":"567c936896848631f8c842326236d5d9"},"timestamp":1547481772,"message":"OWASP CSRF PROTECTOR VALIDATION FAILURE"}
{"HOST":"proinso.py.digital","REQUEST_URI":"\/flujo\/login.php","requestType":"POST","cookie":{"PHPSESSID":"567c936896848631f8c842326236d5d9"},"timestamp":1547481777,"message":"OWASP CSRF PROTECTOR VALIDATION FAILURE"}
{"HOST":"proinso.py.digital","REQUEST_URI":"\/flujo\/login.php","requestType":"POST","cookie":{"PHPSESSID":"567c936896848631f8c842326236d5d9"},"timestamp":1547481780,"message":"OWASP CSRF PROTECTOR VALIDATION FAILURE"}
{"HOST":"proinso.py.digital","REQUEST_URI":"\/flujo\/login.php","requestType":"POST","cookie":{"PHPSESSID":"567c936896848631f8c842326236d5d9"},"timestamp":1547485169,"message":"OWASP CSRF PROTECTOR VALIDATION FAILURE"}
{"HOST":"proinso.py.digital","REQUEST_URI":"\/flujo\/login.php","requestType":"POST","cookie":{"PHPSESSID":"567c936896848631f8c842326236d5d9"},"timestamp":1547485171,"message":"OWASP CSRF PROTECTOR VALIDATION FAILURE"}
{"HOST":"proinso.py.digital","REQUEST_URI":"\/flujo\/login.php","requestType":"POST","cookie":{"PHPSESSID":"567c936896848631f8c842326236d5d9"},"timestamp":1547493996,"message":"OWASP CSRF PROTECTOR VALIDATION FAILURE"}
{"HOST":"proinso.py.digital","REQUEST_URI":"\/flujo\/login.php","requestType":"POST","cookie":{"PHPSESSID":"567c936896848631f8c842326236d5d9"},"timestamp":1547493999,"message":"OWASP CSRF PROTECTOR VALIDATION FAILURE"}
{"HOST":"proinso.py.digital","REQUEST_URI":"\/flujo\/login.php","requestType":"POST","cookie":{"PHPSESSID":"567c936896848631f8c842326236d5d9"},"timestamp":1547494000,"message":"OWASP CSRF PROTECTOR VALIDATION FAILURE"}
{"HOST":"proinso.sa.com","REQUEST_URI":"\/flujo\/login.php","requestType":"POST","cookie":{"PHPSESSID":"db7b74bc80694dc8ea6b8ff90dee02ca"},"timestamp":1547553931,"message":"OWASP CSRF PROTECTOR VALIDATION FAILURE"}
{"HOST":"proinso.sa.com","REQUEST_URI":"\/flujo\/login.php","requestType":"POST","cookie":{"PHPSESSID":"41ac1a92604a538936ece2b104c7ee17"},"timestamp":1547576065,"message":"OWASP CSRF PROTECTOR VALIDATION FAILURE"}
{"HOST":"proinso.py.digital","REQUEST_URI":"\/flujo\/login.php","requestType":"POST","cookie":{"PHPSESSID":"c06b16c483fd9caa4dc1f9d4802c428e"},"timestamp":1547643443,"message":"OWASP CSRF PROTECTOR VALIDATION FAILURE"}
{"HOST":"proinso.py.digital","REQUEST_URI":"\/flujo\/login.php","requestType":"POST","cookie":{"PHPSESSID":"c06b16c483fd9caa4dc1f9d4802c428e"},"timestamp":1547643460,"message":"OWASP CSRF PROTECTOR VALIDATION FAILURE"}
{"HOST":"proinso.py.digital","REQUEST_URI":"\/flujo\/login.php","requestType":"POST","cookie":{"PHPSESSID":"c06b16c483fd9caa4dc1f9d4802c428e"},"timestamp":1547643460,"message":"OWASP CSRF PROTECTOR VALIDATION FAILURE"}
{"HOST":"proinso.sa.com","REQUEST_URI":"\/flujo\/login.php","requestType":"POST","cookie":{"PHPSESSID":"38de56878532f3e7658a86fa7ce42204"},"timestamp":1547679430,"message":"OWASP CSRF PROTECTOR VALIDATION FAILURE"}
{"HOST":"proinso.sa.com","REQUEST_URI":"\/flujo\/login.php","requestType":"POST","cookie":{"PHPSESSID":"38de56878532f3e7658a86fa7ce42204"},"timestamp":1547679440,"message":"OWASP CSRF PROTECTOR VALIDATION FAILURE"}
{"HOST":"proinso.sa.com","REQUEST_URI":"\/flujo\/login.php","requestType":"POST","cookie":{"PHPSESSID":"db7b74bc80694dc8ea6b8ff90dee02ca"},"timestamp":1547742347,"message":"OWASP CSRF PROTECTOR VALIDATION FAILURE"}
{"HOST":"proinso.sa.com","REQUEST_URI":"\/flujo\/login.php","requestType":"POST","cookie":{"PHPSESSID":"b6365403eb57fd9a31833a492a7ab768"},"timestamp":1547743722,"message":"OWASP CSRF PROTECTOR VALIDATION FAILURE"}
{"HOST":"proinso.sa.com","REQUEST_URI":"\/flujo\/login.php","requestType":"POST","cookie":{"PHPSESSID":"b6365403eb57fd9a31833a492a7ab768"},"timestamp":1547752185,"message":"OWASP CSRF PROTECTOR VALIDATION FAILURE"}
{"HOST":"proinso.sa.com","REQUEST_URI":"\/flujo\/login.php","requestType":"POST","cookie":{"PHPSESSID":"b6365403eb57fd9a31833a492a7ab768"},"timestamp":1547752188,"message":"OWASP CSRF PROTECTOR VALIDATION FAILURE"}
{"HOST":"proinso.py.digital","REQUEST_URI":"\/flujo\/login.php","requestType":"POST","cookie":{"csrfp_token":"73edff5bb9","PHPSESSID":"f277817bec1ae3c6a8461cc5a9737df7"},"timestamp":1547815612,"message":"OWASP CSRF PROTECTOR VALIDATION FAILURE"}
{"HOST":"proinso.sa.com","REQUEST_URI":"\/flujo\/login.php","requestType":"POST","cookie":{"PHPSESSID":"db7b74bc80694dc8ea6b8ff90dee02ca"},"timestamp":1547831733,"message":"OWASP CSRF PROTECTOR VALIDATION FAILURE"}
{"HOST":"proinso.sa.com","REQUEST_URI":"\/flujo\/login.php","requestType":"POST","cookie":{"PHPSESSID":"db7b74bc80694dc8ea6b8ff90dee02ca"},"timestamp":1547831741,"message":"OWASP CSRF PROTECTOR VALIDATION FAILURE"}
{"HOST":"proinso.sa.com","REQUEST_URI":"\/flujo\/login.php","requestType":"POST","cookie":{"PHPSESSID":"db7b74bc80694dc8ea6b8ff90dee02ca"},"timestamp":1547831744,"message":"OWASP CSRF PROTECTOR VALIDATION FAILURE"}
{"HOST":"proinso.sa.com","REQUEST_URI":"\/flujo\/login.php","requestType":"POST","cookie":{"PHPSESSID":"db7b74bc80694dc8ea6b8ff90dee02ca"},"timestamp":1547831758,"message":"OWASP CSRF PROTECTOR VALIDATION FAILURE"}
{"HOST":"proinso.sa.com","REQUEST_URI":"\/flujo\/login.php","requestType":"POST","cookie":{"PHPSESSID":"db7b74bc80694dc8ea6b8ff90dee02ca"},"timestamp":1547831760,"message":"OWASP CSRF PROTECTOR VALIDATION FAILURE"}
{"HOST":"proinso.sa.com","REQUEST_URI":"\/flujo\/login.php","requestType":"POST","cookie":{"PHPSESSID":"db7b74bc80694dc8ea6b8ff90dee02ca"},"timestamp":1547831865,"message":"OWASP CSRF PROTECTOR VALIDATION FAILURE"}
{"HOST":"proinso.py.digital","REQUEST_URI":"\/flujo\/login.php","requestType":"POST","cookie":{"PHPSESSID":"3a4a857eb5adec58c76f4ec75740c6ee"},"timestamp":1547862852,"message":"OWASP CSRF PROTECTOR VALIDATION FAILURE"}
{"HOST":"proinso.py.digital","REQUEST_URI":"\/flujo\/login.php","requestType":"POST","cookie":{"PHPSESSID":"3a4a857eb5adec58c76f4ec75740c6ee"},"timestamp":1547862897,"message":"OWASP CSRF PROTECTOR VALIDATION FAILURE"}
{"HOST":"proinso.py.digital","REQUEST_URI":"\/flujo\/login.php","requestType":"POST","cookie":{"PHPSESSID":"3a4a857eb5adec58c76f4ec75740c6ee"},"timestamp":1547862897,"message":"OWASP CSRF PROTECTOR VALIDATION FAILURE"}
{"HOST":"proinso.sa.com","REQUEST_URI":"\/flujo\/login.php","requestType":"POST","cookie":{"PHPSESSID":"5e4d34bbec3216f1451c1a314d9d5f71"},"timestamp":1548078418,"message":"OWASP CSRF PROTECTOR VALIDATION FAILURE"}
{"HOST":"proinso.py.digital","REQUEST_URI":"\/flujo\/login.php","requestType":"POST","cookie":{"PHPSESSID":"f007b29b9a879d7e43828ac740ad98d1"},"timestamp":1548085061,"message":"OWASP CSRF PROTECTOR VALIDATION FAILURE"}
{"HOST":"proinso.py.digital","REQUEST_URI":"\/flujo\/login.php","requestType":"POST","cookie":{"PHPSESSID":"f007b29b9a879d7e43828ac740ad98d1"},"timestamp":1548085079,"message":"OWASP CSRF PROTECTOR VALIDATION FAILURE"}
{"HOST":"proinso.py.digital","REQUEST_URI":"\/flujo\/login.php","requestType":"POST","cookie":{"PHPSESSID":"f007b29b9a879d7e43828ac740ad98d1"},"timestamp":1548085080,"message":"OWASP CSRF PROTECTOR VALIDATION FAILURE"}
{"HOST":"proinso.py.digital","REQUEST_URI":"\/flujo\/login.php","requestType":"POST","cookie":{"PHPSESSID":"f007b29b9a879d7e43828ac740ad98d1"},"timestamp":1548085081,"message":"OWASP CSRF PROTECTOR VALIDATION FAILURE"}
{"HOST":"proinso.py.digital","REQUEST_URI":"\/flujo\/login.php","requestType":"POST","cookie":{"PHPSESSID":"f007b29b9a879d7e43828ac740ad98d1"},"timestamp":1548085082,"message":"OWASP CSRF PROTECTOR VALIDATION FAILURE"}
{"HOST":"proinso.py.digital","REQUEST_URI":"\/flujo\/login.php","requestType":"POST","cookie":{"PHPSESSID":"9416b5edadfbd38ab820ebba55891d5e"},"timestamp":1548168944,"message":"OWASP CSRF PROTECTOR VALIDATION FAILURE"}
{"HOST":"proinso.py.digital","REQUEST_URI":"\/flujo\/login.php","requestType":"POST","cookie":{"PHPSESSID":"9416b5edadfbd38ab820ebba55891d5e"},"timestamp":1548168948,"message":"OWASP CSRF PROTECTOR VALIDATION FAILURE"}
{"HOST":"proinso.py.digital","REQUEST_URI":"\/flujo\/login.php","requestType":"POST","cookie":{"PHPSESSID":"9416b5edadfbd38ab820ebba55891d5e"},"timestamp":1548168948,"message":"OWASP CSRF PROTECTOR VALIDATION FAILURE"}
{"HOST":"proinso.py.digital","REQUEST_URI":"\/flujo\/login.php","requestType":"POST","cookie":{"PHPSESSID":"9416b5edadfbd38ab820ebba55891d5e"},"timestamp":1548168948,"message":"OWASP CSRF PROTECTOR VALIDATION FAILURE"}
{"HOST":"proinso.py.digital","REQUEST_URI":"\/flujo\/login.php","requestType":"POST","cookie":{"PHPSESSID":"9416b5edadfbd38ab820ebba55891d5e"},"timestamp":1548168948,"message":"OWASP CSRF PROTECTOR VALIDATION FAILURE"}
{"HOST":"proinso.py.digital","REQUEST_URI":"\/flujo\/login.php","requestType":"POST","cookie":{"PHPSESSID":"9416b5edadfbd38ab820ebba55891d5e"},"timestamp":1548168951,"message":"OWASP CSRF PROTECTOR VALIDATION FAILURE"}
{"HOST":"proinso.py.digital","REQUEST_URI":"\/flujo\/login.php","requestType":"POST","cookie":{"PHPSESSID":"9416b5edadfbd38ab820ebba55891d5e"},"timestamp":1548168951,"message":"OWASP CSRF PROTECTOR VALIDATION FAILURE"}
{"HOST":"proinso.py.digital","REQUEST_URI":"\/flujo\/login.php","requestType":"POST","cookie":{"PHPSESSID":"3b21dbd1f1cabb99c3cb365ba1906536"},"timestamp":1548246297,"message":"OWASP CSRF PROTECTOR VALIDATION FAILURE"}
{"HOST":"proinso.py.digital","REQUEST_URI":"\/flujo\/login.php","requestType":"POST","cookie":{"PHPSESSID":"3b21dbd1f1cabb99c3cb365ba1906536"},"timestamp":1548246297,"message":"OWASP CSRF PROTECTOR VALIDATION FAILURE"}
{"HOST":"proinso.py.digital","REQUEST_URI":"\/flujo\/login.php","requestType":"POST","cookie":{"PHPSESSID":"3b21dbd1f1cabb99c3cb365ba1906536"},"timestamp":1548246297,"message":"OWASP CSRF PROTECTOR VALIDATION FAILURE"}
{"HOST":"proinso.py.digital","REQUEST_URI":"\/flujo\/login.php","requestType":"POST","cookie":{"PHPSESSID":"3b21dbd1f1cabb99c3cb365ba1906536"},"timestamp":1548246300,"message":"OWASP CSRF PROTECTOR VALIDATION FAILURE"}
{"HOST":"proinso.py.digital","REQUEST_URI":"\/flujo\/login.php","requestType":"POST","cookie":{"PHPSESSID":"3b21dbd1f1cabb99c3cb365ba1906536"},"timestamp":1548246319,"message":"OWASP CSRF PROTECTOR VALIDATION FAILURE"}
{"HOST":"proinso.py.digital","REQUEST_URI":"\/flujo\/login.php","requestType":"POST","cookie":{"PHPSESSID":"3b21dbd1f1cabb99c3cb365ba1906536"},"timestamp":1548263762,"message":"OWASP CSRF PROTECTOR VALIDATION FAILURE"}
{"HOST":"proinso.py.digital","REQUEST_URI":"\/flujo\/login.php","requestType":"POST","cookie":{"PHPSESSID":"3b21dbd1f1cabb99c3cb365ba1906536"},"timestamp":1548263767,"message":"OWASP CSRF PROTECTOR VALIDATION FAILURE"}
{"HOST":"proinso.py.digital","REQUEST_URI":"\/flujo\/login.php","requestType":"POST","cookie":{"PHPSESSID":"3f17e5d4b806cc6e95059215da6bf71c"},"timestamp":1548271136,"message":"OWASP CSRF PROTECTOR VALIDATION FAILURE"}
{"HOST":"proinso.py.digital","REQUEST_URI":"\/flujo\/login.php","requestType":"POST","cookie":{"PHPSESSID":"3f17e5d4b806cc6e95059215da6bf71c"},"timestamp":1548271149,"message":"OWASP CSRF PROTECTOR VALIDATION FAILURE"}
{"HOST":"proinso.py.digital","REQUEST_URI":"\/flujo\/login.php","requestType":"POST","cookie":{"PHPSESSID":"3f17e5d4b806cc6e95059215da6bf71c"},"timestamp":1548271154,"message":"OWASP CSRF PROTECTOR VALIDATION FAILURE"}
{"HOST":"proinso.py.digital","REQUEST_URI":"\/flujo\/login.php","requestType":"POST","cookie":{"PHPSESSID":"3f17e5d4b806cc6e95059215da6bf71c"},"timestamp":1548271162,"message":"OWASP CSRF PROTECTOR VALIDATION FAILURE"}
{"HOST":"proinso.py.digital","REQUEST_URI":"\/flujo\/login.php","requestType":"POST","cookie":{"PHPSESSID":"3f17e5d4b806cc6e95059215da6bf71c"},"timestamp":1548271162,"message":"OWASP CSRF PROTECTOR VALIDATION FAILURE"}
{"HOST":"proinso.py.digital","REQUEST_URI":"\/flujo\/login.php","requestType":"POST","cookie":{"PHPSESSID":"3f17e5d4b806cc6e95059215da6bf71c"},"timestamp":1548271163,"message":"OWASP CSRF PROTECTOR VALIDATION FAILURE"}
{"HOST":"proinso.py.digital","REQUEST_URI":"\/flujo\/login.php","requestType":"POST","cookie":{"PHPSESSID":"3f17e5d4b806cc6e95059215da6bf71c"},"timestamp":1548271163,"message":"OWASP CSRF PROTECTOR VALIDATION FAILURE"}
{"HOST":"proinso.py.digital","REQUEST_URI":"\/flujo\/login.php","requestType":"POST","cookie":{"PHPSESSID":"3f17e5d4b806cc6e95059215da6bf71c"},"timestamp":1548271163,"message":"OWASP CSRF PROTECTOR VALIDATION FAILURE"}
{"HOST":"proinso.py.digital","REQUEST_URI":"\/flujo\/login.php","requestType":"POST","cookie":{"PHPSESSID":"3f17e5d4b806cc6e95059215da6bf71c"},"timestamp":1548271163,"message":"OWASP CSRF PROTECTOR VALIDATION FAILURE"}
{"HOST":"proinso.py.digital","REQUEST_URI":"\/flujo\/login.php","requestType":"POST","cookie":{"PHPSESSID":"3f17e5d4b806cc6e95059215da6bf71c"},"timestamp":1548271164,"message":"OWASP CSRF PROTECTOR VALIDATION FAILURE"}
{"HOST":"proinso.py.digital","REQUEST_URI":"\/flujo\/login.php","requestType":"POST","cookie":{"PHPSESSID":"3f17e5d4b806cc6e95059215da6bf71c"},"timestamp":1548271164,"message":"OWASP CSRF PROTECTOR VALIDATION FAILURE"}
{"HOST":"proinso.py.digital","REQUEST_URI":"\/flujo\/login.php","requestType":"POST","cookie":{"PHPSESSID":"3f17e5d4b806cc6e95059215da6bf71c"},"timestamp":1548271164,"message":"OWASP CSRF PROTECTOR VALIDATION FAILURE"}
{"HOST":"proinso.py.digital","REQUEST_URI":"\/flujo\/login.php","requestType":"POST","cookie":{"PHPSESSID":"3f17e5d4b806cc6e95059215da6bf71c"},"timestamp":1548277855,"message":"OWASP CSRF PROTECTOR VALIDATION FAILURE"}
{"HOST":"proinso.py.digital","REQUEST_URI":"\/flujo\/login.php","requestType":"POST","cookie":{"PHPSESSID":"3f17e5d4b806cc6e95059215da6bf71c"},"timestamp":1548277869,"message":"OWASP CSRF PROTECTOR VALIDATION FAILURE"}
{"HOST":"proinso.py.digital","REQUEST_URI":"\/flujo\/login.php","requestType":"POST","cookie":{"PHPSESSID":"3f17e5d4b806cc6e95059215da6bf71c"},"timestamp":1548277869,"message":"OWASP CSRF PROTECTOR VALIDATION FAILURE"}
{"HOST":"proinso.py.digital","REQUEST_URI":"\/flujo\/login.php","requestType":"POST","cookie":{"PHPSESSID":"3f17e5d4b806cc6e95059215da6bf71c"},"timestamp":1548277896,"message":"OWASP CSRF PROTECTOR VALIDATION FAILURE"}
{"HOST":"proinso.py.digital","REQUEST_URI":"\/flujo\/login.php","requestType":"POST","cookie":{"PHPSESSID":"3f17e5d4b806cc6e95059215da6bf71c"},"timestamp":1548277898,"message":"OWASP CSRF PROTECTOR VALIDATION FAILURE"}
{"HOST":"proinso.py.digital","REQUEST_URI":"\/flujo\/login.php","requestType":"POST","cookie":{"PHPSESSID":"3f17e5d4b806cc6e95059215da6bf71c"},"timestamp":1548277899,"message":"OWASP CSRF PROTECTOR VALIDATION FAILURE"}
{"HOST":"proinso.sa.com","REQUEST_URI":"\/flujo\/login.php","requestType":"POST","cookie":{"PHPSESSID":"98434b86241df7b444696fecfa2d714b"},"timestamp":1548282557,"message":"OWASP CSRF PROTECTOR VALIDATION FAILURE"}
{"HOST":"proinso.sa.com","REQUEST_URI":"\/flujo\/login.php","requestType":"POST","cookie":{"PHPSESSID":"98434b86241df7b444696fecfa2d714b"},"timestamp":1548282571,"message":"OWASP CSRF PROTECTOR VALIDATION FAILURE"}
{"HOST":"proinso.sa.com","REQUEST_URI":"\/flujo\/login.php","requestType":"POST","cookie":{"PHPSESSID":"98434b86241df7b444696fecfa2d714b"},"timestamp":1548282582,"message":"OWASP CSRF PROTECTOR VALIDATION FAILURE"}
{"HOST":"proinso.sa.com","REQUEST_URI":"\/flujo\/login.php","requestType":"POST","cookie":{"PHPSESSID":"98434b86241df7b444696fecfa2d714b"},"timestamp":1548282586,"message":"OWASP CSRF PROTECTOR VALIDATION FAILURE"}
{"HOST":"proinso.py.digital","REQUEST_URI":"\/flujo\/login.php","requestType":"POST","cookie":{"csrfp_token":"f3315dc70f","ruc":"4.336.236-2","PHPSESSID":"83c1135b668fcf8925ec343237f43f3e"},"timestamp":1548353052,"message":"OWASP CSRF PROTECTOR VALIDATION FAILURE"}
{"HOST":"proinso.py.digital","REQUEST_URI":"\/flujo\/login.php","requestType":"POST","cookie":{"csrfp_token":"f3315dc70f","ruc":"4.336.236-2","PHPSESSID":"83c1135b668fcf8925ec343237f43f3e"},"timestamp":1548353062,"message":"OWASP CSRF PROTECTOR VALIDATION FAILURE"}
{"HOST":"proinso.py.digital","REQUEST_URI":"\/flujo\/login.php","requestType":"POST","cookie":{"ruc":"4.336.236-2","PHPSESSID":"83c1135b668fcf8925ec343237f43f3e"},"timestamp":1548364161,"message":"OWASP CSRF PROTECTOR VALIDATION FAILURE"}
{"HOST":"proinso.py.digital","REQUEST_URI":"\/flujo\/login.php","requestType":"POST","cookie":{"ruc":"4.336.236-2","PHPSESSID":"83c1135b668fcf8925ec343237f43f3e"},"timestamp":1548364172,"message":"OWASP CSRF PROTECTOR VALIDATION FAILURE"}
{"HOST":"proinso.py.digital","REQUEST_URI":"\/flujo\/login.php","requestType":"POST","cookie":{"PHPSESSID":"e4c9ffa0249366efbe485d26ef4b8c6e"},"timestamp":1548364543,"message":"OWASP CSRF PROTECTOR VALIDATION FAILURE"}
{"HOST":"proinso.sa.com","REQUEST_URI":"\/flujo\/login.php","requestType":"POST","cookie":{"PHPSESSID":"1839f8efc2be685cce8e154526354965"},"timestamp":1548377914,"message":"OWASP CSRF PROTECTOR VALIDATION FAILURE"}
{"HOST":"proinso.py.digital","REQUEST_URI":"\/flujo\/login.php","requestType":"POST","cookie":{"csrfp_token":"485f4c1f7c","PHPSESSID":"93f4d18841427ffcaebc11b086183688"},"timestamp":1548424256,"message":"OWASP CSRF PROTECTOR VALIDATION FAILURE"}
{"HOST":"proinso.sa.com","REQUEST_URI":"\/flujo\/login.php","requestType":"POST","cookie":{"PHPSESSID":"a6f7ca47953340de402607fb1fbdd5ed"},"timestamp":1548435095,"message":"OWASP CSRF PROTECTOR VALIDATION FAILURE"}
{"HOST":"proinso.sa.com","REQUEST_URI":"\/flujo\/login.php","requestType":"POST","cookie":{"PHPSESSID":"4d20d0f6fba3f392efbca4160de56b33"},"timestamp":1548470474,"message":"OWASP CSRF PROTECTOR VALIDATION FAILURE"}
{"HOST":"proinso.py.digital","REQUEST_URI":"\/flujo\/login.php","requestType":"POST","cookie":{"PHPSESSID":"fe062687e548a7ce66c47af88f4ac5ad"},"timestamp":1548517662,"message":"OWASP CSRF PROTECTOR VALIDATION FAILURE"}
{"HOST":"proinso.py.digital","REQUEST_URI":"\/flujo\/login.php","requestType":"POST","cookie":{"PHPSESSID":"fe062687e548a7ce66c47af88f4ac5ad"},"timestamp":1548517665,"message":"OWASP CSRF PROTECTOR VALIDATION FAILURE"}
{"HOST":"proinso.py.digital","REQUEST_URI":"\/flujo\/login.php","requestType":"POST","cookie":{"PHPSESSID":"fe062687e548a7ce66c47af88f4ac5ad"},"timestamp":1548517668,"message":"OWASP CSRF PROTECTOR VALIDATION FAILURE"}
{"HOST":"proinso.py.digital","REQUEST_URI":"\/flujo\/login.php","requestType":"POST","cookie":{"PHPSESSID":"fe062687e548a7ce66c47af88f4ac5ad"},"timestamp":1548517668,"message":"OWASP CSRF PROTECTOR VALIDATION FAILURE"}
{"HOST":"proinso.py.digital","REQUEST_URI":"\/flujo\/login.php","requestType":"POST","cookie":{"PHPSESSID":"fe062687e548a7ce66c47af88f4ac5ad"},"timestamp":1548517670,"message":"OWASP CSRF PROTECTOR VALIDATION FAILURE"}
{"HOST":"proinso.py.digital","REQUEST_URI":"\/flujo\/login.php","requestType":"POST","cookie":{"PHPSESSID":"fe062687e548a7ce66c47af88f4ac5ad"},"timestamp":1548517670,"message":"OWASP CSRF PROTECTOR VALIDATION FAILURE"}
{"HOST":"proinso.py.digital","REQUEST_URI":"\/flujo\/login.php","requestType":"POST","cookie":{"PHPSESSID":"fe062687e548a7ce66c47af88f4ac5ad"},"timestamp":1548517670,"message":"OWASP CSRF PROTECTOR VALIDATION FAILURE"}
{"HOST":"proinso.py.digital","REQUEST_URI":"\/flujo\/login.php","requestType":"POST","cookie":{"PHPSESSID":"fe062687e548a7ce66c47af88f4ac5ad"},"timestamp":1548517817,"message":"OWASP CSRF PROTECTOR VALIDATION FAILURE"}
{"HOST":"proinso.py.digital","REQUEST_URI":"\/flujo\/login.php","requestType":"POST","cookie":{"PHPSESSID":"fe062687e548a7ce66c47af88f4ac5ad"},"timestamp":1548517825,"message":"OWASP CSRF PROTECTOR VALIDATION FAILURE"}
{"HOST":"proinso.py.digital","REQUEST_URI":"\/flujo\/login.php","requestType":"POST","cookie":{"PHPSESSID":"fe062687e548a7ce66c47af88f4ac5ad"},"timestamp":1548517825,"message":"OWASP CSRF PROTECTOR VALIDATION FAILURE"}
{"HOST":"proinso.py.digital","REQUEST_URI":"\/flujo\/login.php","requestType":"POST","cookie":{"PHPSESSID":"fe062687e548a7ce66c47af88f4ac5ad"},"timestamp":1548517826,"message":"OWASP CSRF PROTECTOR VALIDATION FAILURE"}
{"HOST":"proinso.py.digital","REQUEST_URI":"\/flujo\/login.php","requestType":"POST","cookie":{"PHPSESSID":"fe062687e548a7ce66c47af88f4ac5ad"},"timestamp":1548517837,"message":"OWASP CSRF PROTECTOR VALIDATION FAILURE"}
{"HOST":"proinso.py.digital","REQUEST_URI":"\/flujo\/login.php","requestType":"POST","cookie":{"PHPSESSID":"fe062687e548a7ce66c47af88f4ac5ad"},"timestamp":1548517837,"message":"OWASP CSRF PROTECTOR VALIDATION FAILURE"}
{"HOST":"proinso.py.digital","REQUEST_URI":"\/flujo\/login.php","requestType":"POST","cookie":{"PHPSESSID":"fe062687e548a7ce66c47af88f4ac5ad"},"timestamp":1548517842,"message":"OWASP CSRF PROTECTOR VALIDATION FAILURE"}
{"HOST":"proinso.py.digital","REQUEST_URI":"\/flujo\/login.php","requestType":"POST","cookie":{"PHPSESSID":"fe062687e548a7ce66c47af88f4ac5ad"},"timestamp":1548517842,"message":"OWASP CSRF PROTECTOR VALIDATION FAILURE"}
{"HOST":"proinso.py.digital","REQUEST_URI":"\/flujo\/login.php","requestType":"POST","cookie":{"PHPSESSID":"fe062687e548a7ce66c47af88f4ac5ad"},"timestamp":1548517843,"message":"OWASP CSRF PROTECTOR VALIDATION FAILURE"}
{"HOST":"proinso.py.digital","REQUEST_URI":"\/flujo\/login.php","requestType":"POST","cookie":{"PHPSESSID":"fe062687e548a7ce66c47af88f4ac5ad"},"timestamp":1548517843,"message":"OWASP CSRF PROTECTOR VALIDATION FAILURE"}
{"HOST":"proinso.py.digital","REQUEST_URI":"\/flujo\/login.php","requestType":"POST","cookie":{"PHPSESSID":"fe062687e548a7ce66c47af88f4ac5ad"},"timestamp":1548517860,"message":"OWASP CSRF PROTECTOR VALIDATION FAILURE"}
{"HOST":"proinso.py.digital","REQUEST_URI":"\/flujo\/login.php","requestType":"POST","cookie":{"PHPSESSID":"fe062687e548a7ce66c47af88f4ac5ad"},"timestamp":1548517860,"message":"OWASP CSRF PROTECTOR VALIDATION FAILURE"}
{"HOST":"proinso.py.digital","REQUEST_URI":"\/flujo\/login.php","requestType":"POST","cookie":{"PHPSESSID":"fe062687e548a7ce66c47af88f4ac5ad"},"timestamp":1548517861,"message":"OWASP CSRF PROTECTOR VALIDATION FAILURE"}
{"HOST":"proinso.py.digital","REQUEST_URI":"\/flujo\/login.php","requestType":"POST","cookie":{"PHPSESSID":"fe062687e548a7ce66c47af88f4ac5ad"},"timestamp":1548517862,"message":"OWASP CSRF PROTECTOR VALIDATION FAILURE"}
{"HOST":"proinso.py.digital","REQUEST_URI":"\/flujo\/login.php","requestType":"POST","cookie":{"PHPSESSID":"fe062687e548a7ce66c47af88f4ac5ad"},"timestamp":1548517863,"message":"OWASP CSRF PROTECTOR VALIDATION FAILURE"}
{"HOST":"proinso.py.digital","REQUEST_URI":"\/flujo\/login.php","requestType":"POST","cookie":{"PHPSESSID":"fe062687e548a7ce66c47af88f4ac5ad"},"timestamp":1548517890,"message":"OWASP CSRF PROTECTOR VALIDATION FAILURE"}
{"HOST":"proinso.py.digital","REQUEST_URI":"\/flujo\/login.php","requestType":"POST","cookie":{"PHPSESSID":"fe062687e548a7ce66c47af88f4ac5ad"},"timestamp":1548517890,"message":"OWASP CSRF PROTECTOR VALIDATION FAILURE"}
{"HOST":"proinso.py.digital","REQUEST_URI":"\/flujo\/login.php","requestType":"POST","cookie":{"PHPSESSID":"fe062687e548a7ce66c47af88f4ac5ad"},"timestamp":1548517890,"message":"OWASP CSRF PROTECTOR VALIDATION FAILURE"}
{"HOST":"proinso.sa.com","REQUEST_URI":"\/flujo\/login.php","requestType":"POST","cookie":{"PHPSESSID":"9025a75ced90b05f4cb5f34993fc94e2"},"timestamp":1548541040,"message":"OWASP CSRF PROTECTOR VALIDATION FAILURE"}
{"HOST":"proinso.sa.com","REQUEST_URI":"\/flujo\/login.php","requestType":"POST","cookie":{"PHPSESSID":"9025a75ced90b05f4cb5f34993fc94e2"},"timestamp":1548541048,"message":"OWASP CSRF PROTECTOR VALIDATION FAILURE"}
{"HOST":"proinso.sa.com","REQUEST_URI":"\/flujo\/login.php","requestType":"POST","cookie":{"PHPSESSID":"9025a75ced90b05f4cb5f34993fc94e2"},"timestamp":1548541051,"message":"OWASP CSRF PROTECTOR VALIDATION FAILURE"}
{"HOST":"proinso.py.digital","REQUEST_URI":"\/flujo\/login.php","requestType":"POST","cookie":{"PHPSESSID":"27521a4b1d34973f4690dda9bcb7a2c3"},"timestamp":1548542094,"message":"OWASP CSRF PROTECTOR VALIDATION FAILURE"}
{"HOST":"proinso.py.digital","REQUEST_URI":"\/flujo\/login.php","requestType":"POST","cookie":{"PHPSESSID":"27521a4b1d34973f4690dda9bcb7a2c3"},"timestamp":1548542094,"message":"OWASP CSRF PROTECTOR VALIDATION FAILURE"}
{"HOST":"proinso.py.digital","REQUEST_URI":"\/flujo\/login.php","requestType":"POST","cookie":{"PHPSESSID":"27521a4b1d34973f4690dda9bcb7a2c3"},"timestamp":1548542094,"message":"OWASP CSRF PROTECTOR VALIDATION FAILURE"}
{"HOST":"proinso.py.digital","REQUEST_URI":"\/flujo\/login.php","requestType":"POST","cookie":{"PHPSESSID":"27521a4b1d34973f4690dda9bcb7a2c3"},"timestamp":1548542225,"message":"OWASP CSRF PROTECTOR VALIDATION FAILURE"}
{"HOST":"proinso.py.digital","REQUEST_URI":"\/flujo\/login.php","requestType":"POST","cookie":{"PHPSESSID":"27521a4b1d34973f4690dda9bcb7a2c3"},"timestamp":1548542227,"message":"OWASP CSRF PROTECTOR VALIDATION FAILURE"}
{"HOST":"proinso.py.digital","REQUEST_URI":"\/flujo\/login.php","requestType":"POST","cookie":{"PHPSESSID":"27521a4b1d34973f4690dda9bcb7a2c3"},"timestamp":1548542229,"message":"OWASP CSRF PROTECTOR VALIDATION FAILURE"}
{"HOST":"proinso.py.digital","REQUEST_URI":"\/flujo\/login.php","requestType":"POST","cookie":{"PHPSESSID":"27521a4b1d34973f4690dda9bcb7a2c3"},"timestamp":1548542229,"message":"OWASP CSRF PROTECTOR VALIDATION FAILURE"}
{"HOST":"proinso.py.digital","REQUEST_URI":"\/flujo\/login.php","requestType":"POST","cookie":{"PHPSESSID":"27521a4b1d34973f4690dda9bcb7a2c3"},"timestamp":1548542229,"message":"OWASP CSRF PROTECTOR VALIDATION FAILURE"}
{"HOST":"proinso.sa.com","REQUEST_URI":"\/flujo\/login.php","requestType":"POST","cookie":{"PHPSESSID":"6049c9e37129b5fe3152b6ee38855550"},"timestamp":1548550991,"message":"OWASP CSRF PROTECTOR VALIDATION FAILURE"}
{"HOST":"proinso.sa.com","REQUEST_URI":"\/flujo\/login.php","requestType":"POST","cookie":{"PHPSESSID":"bc0c3f296c965117f1427fc44f5f62a3"},"timestamp":1548714882,"message":"OWASP CSRF PROTECTOR VALIDATION FAILURE"}
{"HOST":"proinso.sa.com","REQUEST_URI":"\/flujo\/login.php","requestType":"POST","cookie":{"PHPSESSID":"bc0c3f296c965117f1427fc44f5f62a3"},"timestamp":1548714897,"message":"OWASP CSRF PROTECTOR VALIDATION FAILURE"}
{"HOST":"proinso.sa.com","REQUEST_URI":"\/flujo\/login.php","requestType":"POST","cookie":{"PHPSESSID":"bc0c3f296c965117f1427fc44f5f62a3"},"timestamp":1548714901,"message":"OWASP CSRF PROTECTOR VALIDATION FAILURE"}
{"HOST":"proinso.sa.com","REQUEST_URI":"\/flujo\/login.php","requestType":"POST","cookie":{"PHPSESSID":"49f111fd6ed5c3064dbe970d54b9b354"},"timestamp":1548807980,"message":"OWASP CSRF PROTECTOR VALIDATION FAILURE"}
{"HOST":"proinso.py.digital","REQUEST_URI":"\/flujo\/login.php","requestType":"POST","cookie":{"PHPSESSID":"8463f9429e2fe3f2eb6b29e67cc512f2"},"timestamp":1548874493,"message":"OWASP CSRF PROTECTOR VALIDATION FAILURE"}
{"HOST":"www.proinso.sa.com","REQUEST_URI":"\/flujo\/login.php","requestType":"POST","cookie":{"PHPSESSID":"65ce5f7cc2f9f47f9e4027795ee9c247"},"timestamp":1548901184,"message":"OWASP CSRF PROTECTOR VALIDATION FAILURE"}
{"HOST":"www.proinso.sa.com","REQUEST_URI":"\/flujo\/login.php","requestType":"POST","cookie":{"PHPSESSID":"65ce5f7cc2f9f47f9e4027795ee9c247"},"timestamp":1548901191,"message":"OWASP CSRF PROTECTOR VALIDATION FAILURE"}
{"HOST":"www.proinso.sa.com","REQUEST_URI":"\/flujo\/login.php","requestType":"POST","cookie":{"PHPSESSID":"65ce5f7cc2f9f47f9e4027795ee9c247"},"timestamp":1548901196,"message":"OWASP CSRF PROTECTOR VALIDATION FAILURE"}
{"HOST":"proinso.py.digital","REQUEST_URI":"\/flujo\/login.php","requestType":"POST","cookie":{"PHPSESSID":"ff0ead2dccedaffa2d75cd3c22a4ae7a"},"timestamp":1548936688,"message":"OWASP CSRF PROTECTOR VALIDATION FAILURE"}
{"HOST":"proinso.py.digital","REQUEST_URI":"\/flujo\/login.php","requestType":"POST","cookie":{"PHPSESSID":"ff0ead2dccedaffa2d75cd3c22a4ae7a"},"timestamp":1548936691,"message":"OWASP CSRF PROTECTOR VALIDATION FAILURE"}
{"HOST":"proinso.py.digital","REQUEST_URI":"\/flujo\/login.php","requestType":"POST","cookie":{"PHPSESSID":"ff0ead2dccedaffa2d75cd3c22a4ae7a"},"timestamp":1548936691,"message":"OWASP CSRF PROTECTOR VALIDATION FAILURE"}
{"HOST":"proinso.py.digital","REQUEST_URI":"\/flujo\/login.php","requestType":"POST","cookie":{"PHPSESSID":"ff0ead2dccedaffa2d75cd3c22a4ae7a"},"timestamp":1548936691,"message":"OWASP CSRF PROTECTOR VALIDATION FAILURE"}
{"HOST":"proinso.py.digital","REQUEST_URI":"\/flujo\/login.php","requestType":"POST","cookie":{"PHPSESSID":"ff0ead2dccedaffa2d75cd3c22a4ae7a"},"timestamp":1548936694,"message":"OWASP CSRF PROTECTOR VALIDATION FAILURE"}
{"HOST":"proinso.py.digital","REQUEST_URI":"\/flujo\/login.php","requestType":"POST","cookie":{"PHPSESSID":"ff0ead2dccedaffa2d75cd3c22a4ae7a"},"timestamp":1548936694,"message":"OWASP CSRF PROTECTOR VALIDATION FAILURE"}
{"HOST":"proinso.py.digital","REQUEST_URI":"\/flujo\/login.php","requestType":"POST","cookie":{"PHPSESSID":"ff0ead2dccedaffa2d75cd3c22a4ae7a"},"timestamp":1548936695,"message":"OWASP CSRF PROTECTOR VALIDATION FAILURE"}
{"HOST":"proinso.py.digital","REQUEST_URI":"\/flujo\/login.php","requestType":"POST","cookie":{"PHPSESSID":"ff0ead2dccedaffa2d75cd3c22a4ae7a"},"timestamp":1548966749,"message":"OWASP CSRF PROTECTOR VALIDATION FAILURE"}
{"HOST":"proinso.py.digital","REQUEST_URI":"\/flujo\/login.php","requestType":"POST","cookie":{"PHPSESSID":"ff0ead2dccedaffa2d75cd3c22a4ae7a"},"timestamp":1548966752,"message":"OWASP CSRF PROTECTOR VALIDATION FAILURE"}
{"HOST":"proinso.py.digital","REQUEST_URI":"\/flujo\/login.php","requestType":"POST","cookie":{"PHPSESSID":"ff0ead2dccedaffa2d75cd3c22a4ae7a"},"timestamp":1548966759,"message":"OWASP CSRF PROTECTOR VALIDATION FAILURE"}
{"HOST":"proinso.sa.com","REQUEST_URI":"\/flujo\/login.php","requestType":"POST","cookie":{"PHPSESSID":"f310dd003675b20d35634abb9e0f3852"},"timestamp":1548973395,"message":"OWASP CSRF PROTECTOR VALIDATION FAILURE"}
