{"HOST":"proinso.sa.com","REQUEST_URI":"\/flujo\/login.php","requestType":"POST","cookie":{"PHPSESSID":"86a7fb77f93162d49de6562f4209b40f"},"timestamp":1549044008,"message":"OWASP CSRF PROTECTOR VALIDATION FAILURE"}
{"HOST":"proinso.sa.com","REQUEST_URI":"\/flujo\/login.php","requestType":"POST","cookie":{"PHPSESSID":"f0ff595b8dcae2a255359953afadca0d"},"timestamp":1549060856,"message":"OWASP CSRF PROTECTOR VALIDATION FAILURE"}
{"HOST":"proinso.sa.com","REQUEST_URI":"\/flujo\/login.php","requestType":"POST","cookie":{"PHPSESSID":"f0ff595b8dcae2a255359953afadca0d"},"timestamp":1549071324,"message":"OWASP CSRF PROTECTOR VALIDATION FAILURE"}
{"HOST":"proinso.sa.com","REQUEST_URI":"\/flujo\/login.php","requestType":"POST","cookie":{"PHPSESSID":"f0ff595b8dcae2a255359953afadca0d"},"timestamp":1549078106,"message":"OWASP CSRF PROTECTOR VALIDATION FAILURE"}
{"HOST":"proinso.sa.com","REQUEST_URI":"\/flujo\/login.php","requestType":"POST","cookie":{"PHPSESSID":"2983fb49a4942c28214ac246c762999c"},"timestamp":1549151329,"message":"OWASP CSRF PROTECTOR VALIDATION FAILURE"}
{"HOST":"proinso.sa.com","REQUEST_URI":"\/flujo\/login.php","requestType":"POST","cookie":{"PHPSESSID":"2983fb49a4942c28214ac246c762999c"},"timestamp":1549154854,"message":"OWASP CSRF PROTECTOR VALIDATION FAILURE"}
{"HOST":"proinso.sa.com","REQUEST_URI":"\/flujo\/login.php","requestType":"POST","cookie":{"PHPSESSID":"a78210b9011e8abc64c51c07a96fa379"},"timestamp":1549300880,"message":"OWASP CSRF PROTECTOR VALIDATION FAILURE"}
{"HOST":"proinso.sa.com","REQUEST_URI":"\/flujo\/login.php","requestType":"POST","cookie":{"csrfp_token":"155a69f69a","PHPSESSID":"98a44dda9ea1edceaf343642dc9f1af6"},"timestamp":1549371188,"message":"OWASP CSRF PROTECTOR VALIDATION FAILURE"}
{"HOST":"proinso.py.digital","REQUEST_URI":"\/flujo\/login.php","requestType":"POST","cookie":{"PHPSESSID":"232a6ebd6cb72634b29a5c39fa64233c"},"timestamp":1549390536,"message":"OWASP CSRF PROTECTOR VALIDATION FAILURE"}
{"HOST":"proinso.py.digital","REQUEST_URI":"\/flujo\/login.php","requestType":"POST","cookie":{"PHPSESSID":"232a6ebd6cb72634b29a5c39fa64233c"},"timestamp":1549396096,"message":"OWASP CSRF PROTECTOR VALIDATION FAILURE"}
{"HOST":"proinso.py.digital","REQUEST_URI":"\/flujo\/login.php","requestType":"POST","cookie":{"PHPSESSID":"232a6ebd6cb72634b29a5c39fa64233c"},"timestamp":1549396096,"message":"OWASP CSRF PROTECTOR VALIDATION FAILURE"}
{"HOST":"proinso.py.digital","REQUEST_URI":"\/flujo\/login.php","requestType":"POST","cookie":{"PHPSESSID":"232a6ebd6cb72634b29a5c39fa64233c"},"timestamp":1549396096,"message":"OWASP CSRF PROTECTOR VALIDATION FAILURE"}
{"HOST":"proinso.py.digital","REQUEST_URI":"\/flujo\/login.php","requestType":"POST","cookie":{"PHPSESSID":"232a6ebd6cb72634b29a5c39fa64233c"},"timestamp":1549485581,"message":"OWASP CSRF PROTECTOR VALIDATION FAILURE"}
{"HOST":"proinso.py.digital","REQUEST_URI":"\/flujo\/login.php","requestType":"POST","cookie":{"PHPSESSID":"232a6ebd6cb72634b29a5c39fa64233c"},"timestamp":1549485649,"message":"OWASP CSRF PROTECTOR VALIDATION FAILURE"}
{"HOST":"proinso.sa.com","REQUEST_URI":"\/flujo\/login.php","requestType":"POST","cookie":{"PHPSESSID":"96676955e5677e9e07f3e4d19a8f800e"},"timestamp":1549490952,"message":"OWASP CSRF PROTECTOR VALIDATION FAILURE"}
{"HOST":"proinso.sa.com","REQUEST_URI":"\/flujo\/login.php","requestType":"POST","cookie":{"PHPSESSID":"96676955e5677e9e07f3e4d19a8f800e"},"timestamp":1549501210,"message":"OWASP CSRF PROTECTOR VALIDATION FAILURE"}
{"HOST":"proinso.py.digital","REQUEST_URI":"\/flujo\/login.php","requestType":"POST","cookie":{"PHPSESSID":"232a6ebd6cb72634b29a5c39fa64233c"},"timestamp":1549538329,"message":"OWASP CSRF PROTECTOR VALIDATION FAILURE"}
{"HOST":"proinso.py.digital","REQUEST_URI":"\/flujo\/login.php","requestType":"POST","cookie":{"PHPSESSID":"232a6ebd6cb72634b29a5c39fa64233c"},"timestamp":1549538334,"message":"OWASP CSRF PROTECTOR VALIDATION FAILURE"}
{"HOST":"proinso.py.digital","REQUEST_URI":"\/flujo\/login.php","requestType":"POST","cookie":{"PHPSESSID":"232a6ebd6cb72634b29a5c39fa64233c"},"timestamp":1549557891,"message":"OWASP CSRF PROTECTOR VALIDATION FAILURE"}
{"HOST":"proinso.py.digital","REQUEST_URI":"\/flujo\/login.php","requestType":"POST","cookie":{"PHPSESSID":"232a6ebd6cb72634b29a5c39fa64233c"},"timestamp":1549557895,"message":"OWASP CSRF PROTECTOR VALIDATION FAILURE"}
{"HOST":"proinso.py.digital","REQUEST_URI":"\/flujo\/login.php","requestType":"POST","cookie":{"PHPSESSID":"232a6ebd6cb72634b29a5c39fa64233c"},"timestamp":1549569648,"message":"OWASP CSRF PROTECTOR VALIDATION FAILURE"}
{"HOST":"proinso.py.digital","REQUEST_URI":"\/flujo\/login.php","requestType":"POST","cookie":{"PHPSESSID":"232a6ebd6cb72634b29a5c39fa64233c"},"timestamp":1549569651,"message":"OWASP CSRF PROTECTOR VALIDATION FAILURE"}
{"HOST":"proinso.py.digital","REQUEST_URI":"\/flujo\/login.php","requestType":"POST","cookie":{"PHPSESSID":"232a6ebd6cb72634b29a5c39fa64233c"},"timestamp":1549569652,"message":"OWASP CSRF PROTECTOR VALIDATION FAILURE"}
{"HOST":"proinso.py.digital","REQUEST_URI":"\/flujo\/login.php","requestType":"POST","cookie":{"PHPSESSID":"232a6ebd6cb72634b29a5c39fa64233c"},"timestamp":1549569652,"message":"OWASP CSRF PROTECTOR VALIDATION FAILURE"}
{"HOST":"proinso.py.digital","REQUEST_URI":"\/flujo\/login.php","requestType":"POST","cookie":{"PHPSESSID":"232a6ebd6cb72634b29a5c39fa64233c"},"timestamp":1549569652,"message":"OWASP CSRF PROTECTOR VALIDATION FAILURE"}
{"HOST":"proinso.py.digital","REQUEST_URI":"\/flujo\/login.php","requestType":"POST","cookie":{"PHPSESSID":"232a6ebd6cb72634b29a5c39fa64233c"},"timestamp":1549569653,"message":"OWASP CSRF PROTECTOR VALIDATION FAILURE"}
{"HOST":"proinso.py.digital","REQUEST_URI":"\/flujo\/login.php","requestType":"POST","cookie":{"PHPSESSID":"232a6ebd6cb72634b29a5c39fa64233c"},"timestamp":1549569653,"message":"OWASP CSRF PROTECTOR VALIDATION FAILURE"}
{"HOST":"proinso.py.digital","REQUEST_URI":"\/flujo\/login.php","requestType":"POST","cookie":{"PHPSESSID":"232a6ebd6cb72634b29a5c39fa64233c"},"timestamp":1549569653,"message":"OWASP CSRF PROTECTOR VALIDATION FAILURE"}
{"HOST":"proinso.py.digital","REQUEST_URI":"\/flujo\/login.php","requestType":"POST","cookie":{"PHPSESSID":"232a6ebd6cb72634b29a5c39fa64233c"},"timestamp":1549569656,"message":"OWASP CSRF PROTECTOR VALIDATION FAILURE"}
{"HOST":"proinso.sa.com","REQUEST_URI":"\/flujo\/login.php","requestType":"POST","cookie":{"PHPSESSID":"24769b0fedac2c00118621e2fdb0dc74"},"timestamp":1549585182,"message":"OWASP CSRF PROTECTOR VALIDATION FAILURE"}
{"HOST":"proinso.py.digital","REQUEST_URI":"\/flujo\/login.php","requestType":"POST","cookie":{"PHPSESSID":"5a7381d8d6b33bbba3ca452a28062d0c"},"timestamp":1549659860,"message":"OWASP CSRF PROTECTOR VALIDATION FAILURE"}
{"HOST":"proinso.py.digital","REQUEST_URI":"\/flujo\/login.php","requestType":"POST","cookie":{"PHPSESSID":"0b6d5eae92a261c633856367f6faf8e0"},"timestamp":1549714336,"message":"OWASP CSRF PROTECTOR VALIDATION FAILURE"}
{"HOST":"proinso.py.digital","REQUEST_URI":"\/flujo\/login.php","requestType":"POST","cookie":{"PHPSESSID":"0b6d5eae92a261c633856367f6faf8e0"},"timestamp":1549714343,"message":"OWASP CSRF PROTECTOR VALIDATION FAILURE"}
{"HOST":"proinso.py.digital","REQUEST_URI":"\/flujo\/login.php","requestType":"POST","cookie":{"PHPSESSID":"0b6d5eae92a261c633856367f6faf8e0"},"timestamp":1549714353,"message":"OWASP CSRF PROTECTOR VALIDATION FAILURE"}
{"HOST":"proinso.sa.com","REQUEST_URI":"\/flujo\/login.php","requestType":"POST","cookie":{"PHPSESSID":"5fab57af44c3ca4f4eca37f0c682ad86"},"timestamp":1549888592,"message":"OWASP CSRF PROTECTOR VALIDATION FAILURE"}
{"HOST":"proinso.sa.com","REQUEST_URI":"\/flujo\/login.php","requestType":"POST","cookie":{"PHPSESSID":"5fab57af44c3ca4f4eca37f0c682ad86"},"timestamp":1549888597,"message":"OWASP CSRF PROTECTOR VALIDATION FAILURE"}
{"HOST":"proinso.sa.com","REQUEST_URI":"\/flujo\/login.php","requestType":"POST","cookie":{"PHPSESSID":"5fab57af44c3ca4f4eca37f0c682ad86"},"timestamp":1549888617,"message":"OWASP CSRF PROTECTOR VALIDATION FAILURE"}
{"HOST":"proinso.sa.com","REQUEST_URI":"\/flujo\/login.php","requestType":"POST","cookie":{"PHPSESSID":"5fab57af44c3ca4f4eca37f0c682ad86"},"timestamp":1549888617,"message":"OWASP CSRF PROTECTOR VALIDATION FAILURE"}
{"HOST":"proinso.sa.com","REQUEST_URI":"\/flujo\/login.php","requestType":"POST","cookie":{"PHPSESSID":"5fab57af44c3ca4f4eca37f0c682ad86"},"timestamp":1549888617,"message":"OWASP CSRF PROTECTOR VALIDATION FAILURE"}
{"HOST":"proinso.sa.com","REQUEST_URI":"\/flujo\/login.php","requestType":"POST","cookie":{"PHPSESSID":"5fab57af44c3ca4f4eca37f0c682ad86"},"timestamp":1549888620,"message":"OWASP CSRF PROTECTOR VALIDATION FAILURE"}
{"HOST":"proinso.sa.com","REQUEST_URI":"\/flujo\/login.php","requestType":"POST","cookie":{"PHPSESSID":"c671ff8f514adbdfba14c2fd413e318e"},"timestamp":1549990542,"message":"OWASP CSRF PROTECTOR VALIDATION FAILURE"}
{"HOST":"proinso.sa.com","REQUEST_URI":"\/flujo\/login.php","requestType":"POST","cookie":{"PHPSESSID":"c6fcd05ab65eb98d9dbc5fc9227dbdad"},"timestamp":1550058440,"message":"OWASP CSRF PROTECTOR VALIDATION FAILURE"}
{"HOST":"proinso.py.digital","REQUEST_URI":"\/flujo\/login.php","requestType":"POST","cookie":{"csrfp_token":"2803e0b5fc","PHPSESSID":"c8aecc622eb28c7674b8e6eba579fc0b"},"timestamp":1550087367,"message":"OWASP CSRF PROTECTOR VALIDATION FAILURE"}
{"HOST":"proinso.py.digital","REQUEST_URI":"\/flujo\/login.php","requestType":"POST","cookie":{"csrfp_token":"2803e0b5fc","PHPSESSID":"c8aecc622eb28c7674b8e6eba579fc0b"},"timestamp":1550087376,"message":"OWASP CSRF PROTECTOR VALIDATION FAILURE"}
{"HOST":"proinso.py.digital","REQUEST_URI":"\/flujo\/login.php","requestType":"POST","cookie":{"PHPSESSID":"653ee95088ba6c0898e5a8429c2869b1"},"timestamp":1550168759,"message":"OWASP CSRF PROTECTOR VALIDATION FAILURE"}
{"HOST":"proinso.py.digital","REQUEST_URI":"\/flujo\/login.php","requestType":"POST","cookie":{"PHPSESSID":"653ee95088ba6c0898e5a8429c2869b1"},"timestamp":1550168769,"message":"OWASP CSRF PROTECTOR VALIDATION FAILURE"}
{"HOST":"proinso.py.digital","REQUEST_URI":"\/flujo\/login.php","requestType":"POST","cookie":{"PHPSESSID":"1209b9950ed1e8b70666d185a92588d5"},"timestamp":1550254162,"message":"OWASP CSRF PROTECTOR VALIDATION FAILURE"}
{"HOST":"proinso.py.digital","REQUEST_URI":"\/flujo\/login.php","requestType":"POST","cookie":{"PHPSESSID":"1209b9950ed1e8b70666d185a92588d5"},"timestamp":1550254198,"message":"OWASP CSRF PROTECTOR VALIDATION FAILURE"}
{"HOST":"proinso.py.digital","REQUEST_URI":"\/flujo\/login.php","requestType":"POST","cookie":{"PHPSESSID":"1209b9950ed1e8b70666d185a92588d5"},"timestamp":1550254210,"message":"OWASP CSRF PROTECTOR VALIDATION FAILURE"}
{"HOST":"proinso.py.digital","REQUEST_URI":"\/flujo\/login.php","requestType":"POST","cookie":{"PHPSESSID":"1209b9950ed1e8b70666d185a92588d5"},"timestamp":1550254211,"message":"OWASP CSRF PROTECTOR VALIDATION FAILURE"}
{"HOST":"proinso.sa.com","REQUEST_URI":"\/flujo\/login.php","requestType":"POST","cookie":{"PHPSESSID":"058bf1d3883315a32812e36b639db582"},"timestamp":1550354539,"message":"OWASP CSRF PROTECTOR VALIDATION FAILURE"}
{"HOST":"proinso.sa.com","REQUEST_URI":"\/flujo\/login.php","requestType":"POST","cookie":{"PHPSESSID":"058bf1d3883315a32812e36b639db582"},"timestamp":1550354553,"message":"OWASP CSRF PROTECTOR VALIDATION FAILURE"}
{"HOST":"proinso.sa.com","REQUEST_URI":"\/flujo\/login.php","requestType":"POST","cookie":{"PHPSESSID":"349a62675af3f1d0f142b37964859ea5"},"timestamp":1550364343,"message":"OWASP CSRF PROTECTOR VALIDATION FAILURE"}
{"HOST":"proinso.sa.com","REQUEST_URI":"\/flujo\/login.php","requestType":"POST","cookie":{"PHPSESSID":"349a62675af3f1d0f142b37964859ea5"},"timestamp":1550368716,"message":"OWASP CSRF PROTECTOR VALIDATION FAILURE"}
{"HOST":"proinso.sa.com","REQUEST_URI":"\/flujo\/login.php","requestType":"POST","cookie":{"PHPSESSID":"d330d1e968583b33fc4cb425d96777c5"},"timestamp":1550383868,"message":"OWASP CSRF PROTECTOR VALIDATION FAILURE"}
{"HOST":"proinso.sa.com","REQUEST_URI":"\/flujo\/login.php","requestType":"POST","cookie":{"PHPSESSID":"d330d1e968583b33fc4cb425d96777c5"},"timestamp":1550383874,"message":"OWASP CSRF PROTECTOR VALIDATION FAILURE"}
{"HOST":"proinso.sa.com","REQUEST_URI":"\/flujo\/login.php","requestType":"POST","cookie":{"PHPSESSID":"363eaa360c3c71c9f7f380c59c470586"},"timestamp":1550451388,"message":"OWASP CSRF PROTECTOR VALIDATION FAILURE"}
{"HOST":"proinso.py.digital","REQUEST_URI":"\/flujo\/login.php","requestType":"POST","cookie":{"csrfp_token":"52e58c4f54","PHPSESSID":"f34c9b05c9918b2d332eb4145db4deec"},"timestamp":1550496557,"message":"OWASP CSRF PROTECTOR VALIDATION FAILURE"}
{"HOST":"proinso.py.digital","REQUEST_URI":"\/flujo\/login.php","requestType":"POST","cookie":{"csrfp_token":"52e58c4f54","PHPSESSID":"f34c9b05c9918b2d332eb4145db4deec"},"timestamp":1550496557,"message":"OWASP CSRF PROTECTOR VALIDATION FAILURE"}
{"HOST":"proinso.sa.com","REQUEST_URI":"\/flujo\/login.php","requestType":"POST","cookie":{"PHPSESSID":"d330d1e968583b33fc4cb425d96777c5"},"timestamp":1550497311,"message":"OWASP CSRF PROTECTOR VALIDATION FAILURE"}
{"HOST":"proinso.sa.com","REQUEST_URI":"\/flujo\/login.php","requestType":"POST","cookie":{"PHPSESSID":"7c333bc2fd254331e63703aae5a3bbbe"},"timestamp":1550497593,"message":"OWASP CSRF PROTECTOR VALIDATION FAILURE"}
{"HOST":"proinso.sa.com","REQUEST_URI":"\/flujo\/login.php","requestType":"POST","cookie":{"PHPSESSID":"7c333bc2fd254331e63703aae5a3bbbe"},"timestamp":1550497600,"message":"OWASP CSRF PROTECTOR VALIDATION FAILURE"}
{"HOST":"proinso.sa.com","REQUEST_URI":"\/flujo\/login.php","requestType":"POST","cookie":{"PHPSESSID":"7c333bc2fd254331e63703aae5a3bbbe"},"timestamp":1550497604,"message":"OWASP CSRF PROTECTOR VALIDATION FAILURE"}
{"HOST":"proinso.sa.com","REQUEST_URI":"\/flujo\/login.php","requestType":"POST","cookie":{"PHPSESSID":"7c333bc2fd254331e63703aae5a3bbbe"},"timestamp":1550497606,"message":"OWASP CSRF PROTECTOR VALIDATION FAILURE"}
{"HOST":"proinso.sa.com","REQUEST_URI":"\/flujo\/login.php","requestType":"POST","cookie":{"PHPSESSID":"7c333bc2fd254331e63703aae5a3bbbe"},"timestamp":1550497618,"message":"OWASP CSRF PROTECTOR VALIDATION FAILURE"}
{"HOST":"proinso.sa.com","REQUEST_URI":"\/flujo\/login.php","requestType":"POST","cookie":{"PHPSESSID":"d330d1e968583b33fc4cb425d96777c5"},"timestamp":1550516273,"message":"OWASP CSRF PROTECTOR VALIDATION FAILURE"}
{"HOST":"proinso.sa.com","REQUEST_URI":"\/flujo\/login.php","requestType":"POST","cookie":{"PHPSESSID":"d330d1e968583b33fc4cb425d96777c5"},"timestamp":1550516277,"message":"OWASP CSRF PROTECTOR VALIDATION FAILURE"}
{"HOST":"proinso.sa.com","REQUEST_URI":"\/flujo\/login.php","requestType":"POST","cookie":{"PHPSESSID":"d330d1e968583b33fc4cb425d96777c5"},"timestamp":1550516278,"message":"OWASP CSRF PROTECTOR VALIDATION FAILURE"}
{"HOST":"proinso.py.digital","REQUEST_URI":"\/flujo\/login.php","requestType":"POST","cookie":{"PHPSESSID":"505a65601ece6a9456f49bdc70d93980"},"timestamp":1550522963,"message":"OWASP CSRF PROTECTOR VALIDATION FAILURE"}
{"HOST":"proinso.py.digital","REQUEST_URI":"\/flujo\/login.php","requestType":"POST","cookie":{"PHPSESSID":"505a65601ece6a9456f49bdc70d93980"},"timestamp":1550522964,"message":"OWASP CSRF PROTECTOR VALIDATION FAILURE"}
{"HOST":"proinso.py.digital","REQUEST_URI":"\/flujo\/login.php","requestType":"POST","cookie":{"PHPSESSID":"505a65601ece6a9456f49bdc70d93980"},"timestamp":1550522965,"message":"OWASP CSRF PROTECTOR VALIDATION FAILURE"}
{"HOST":"proinso.sa.com","REQUEST_URI":"\/flujo\/login.php","requestType":"POST","cookie":{"PHPSESSID":"c6fcd05ab65eb98d9dbc5fc9227dbdad"},"timestamp":1550588810,"message":"OWASP CSRF PROTECTOR VALIDATION FAILURE"}
{"HOST":"proinso.sa.com","REQUEST_URI":"\/flujo\/login.php","requestType":"POST","cookie":{"PHPSESSID":"0eb9e7dadf904deb8f749523a3365113"},"timestamp":1550590327,"message":"OWASP CSRF PROTECTOR VALIDATION FAILURE"}
{"HOST":"proinso.sa.com","REQUEST_URI":"\/flujo\/login.php","requestType":"POST","cookie":{"PHPSESSID":"0eb9e7dadf904deb8f749523a3365113"},"timestamp":1550590331,"message":"OWASP CSRF PROTECTOR VALIDATION FAILURE"}
{"HOST":"proinso.sa.com","REQUEST_URI":"\/flujo\/login.php","requestType":"POST","cookie":{"PHPSESSID":"ee4b3e8284d509cb8bfde08841517403"},"timestamp":1550604898,"message":"OWASP CSRF PROTECTOR VALIDATION FAILURE"}
{"HOST":"proinso.sa.com","REQUEST_URI":"\/flujo\/login.php","requestType":"POST","cookie":{"PHPSESSID":"ee4b3e8284d509cb8bfde08841517403"},"timestamp":1550604904,"message":"OWASP CSRF PROTECTOR VALIDATION FAILURE"}
{"HOST":"proinso.sa.com","REQUEST_URI":"\/flujo\/login.php","requestType":"POST","cookie":{"PHPSESSID":"ee4b3e8284d509cb8bfde08841517403"},"timestamp":1550604906,"message":"OWASP CSRF PROTECTOR VALIDATION FAILURE"}
{"HOST":"proinso.sa.com","REQUEST_URI":"\/flujo\/login.php","requestType":"POST","cookie":{"PHPSESSID":"ee4b3e8284d509cb8bfde08841517403"},"timestamp":1550604909,"message":"OWASP CSRF PROTECTOR VALIDATION FAILURE"}
{"HOST":"proinso.sa.com","REQUEST_URI":"\/flujo\/login.php","requestType":"POST","cookie":{"PHPSESSID":"ee4b3e8284d509cb8bfde08841517403"},"timestamp":1550604912,"message":"OWASP CSRF PROTECTOR VALIDATION FAILURE"}
{"HOST":"proinso.sa.com","REQUEST_URI":"\/flujo\/login.php","requestType":"POST","cookie":{"PHPSESSID":"ee4b3e8284d509cb8bfde08841517403"},"timestamp":1550604921,"message":"OWASP CSRF PROTECTOR VALIDATION FAILURE"}
{"HOST":"proinso.sa.com","REQUEST_URI":"\/flujo\/login.php","requestType":"POST","cookie":{"PHPSESSID":"ee4b3e8284d509cb8bfde08841517403"},"timestamp":1550604922,"message":"OWASP CSRF PROTECTOR VALIDATION FAILURE"}
{"HOST":"proinso.sa.com","REQUEST_URI":"\/flujo\/login.php","requestType":"POST","cookie":{"PHPSESSID":"ee4b3e8284d509cb8bfde08841517403"},"timestamp":1550604935,"message":"OWASP CSRF PROTECTOR VALIDATION FAILURE"}
{"HOST":"proinso.sa.com","REQUEST_URI":"\/flujo\/login.php","requestType":"POST","cookie":{"PHPSESSID":"ee4b3e8284d509cb8bfde08841517403"},"timestamp":1550604935,"message":"OWASP CSRF PROTECTOR VALIDATION FAILURE"}
{"HOST":"proinso.sa.com","REQUEST_URI":"\/flujo\/login.php","requestType":"POST","cookie":{"PHPSESSID":"ee4b3e8284d509cb8bfde08841517403"},"timestamp":1550604938,"message":"OWASP CSRF PROTECTOR VALIDATION FAILURE"}
{"HOST":"proinso.sa.com","REQUEST_URI":"\/flujo\/login.php","requestType":"POST","cookie":{"PHPSESSID":"ee4b3e8284d509cb8bfde08841517403"},"timestamp":1550604939,"message":"OWASP CSRF PROTECTOR VALIDATION FAILURE"}
{"HOST":"proinso.sa.com","REQUEST_URI":"\/flujo\/login.php","requestType":"POST","cookie":{"PHPSESSID":"ee4b3e8284d509cb8bfde08841517403"},"timestamp":1550604939,"message":"OWASP CSRF PROTECTOR VALIDATION FAILURE"}
{"HOST":"proinso.sa.com","REQUEST_URI":"\/flujo\/login.php","requestType":"POST","cookie":{"PHPSESSID":"6aebbda50a720dd078ac63bfd5b88770"},"timestamp":1550678580,"message":"OWASP CSRF PROTECTOR VALIDATION FAILURE"}
{"HOST":"proinso.sa.com","REQUEST_URI":"\/flujo\/login.php","requestType":"POST","cookie":{"PHPSESSID":"747399af0b7e2350da06134572f01b0a"},"timestamp":1550682172,"message":"OWASP CSRF PROTECTOR VALIDATION FAILURE"}
{"HOST":"proinso.sa.com","REQUEST_URI":"\/flujo\/login.php","requestType":"POST","cookie":{"PHPSESSID":"eb7faae4dff540ad20b2d4579e57172d"},"timestamp":1550789676,"message":"OWASP CSRF PROTECTOR VALIDATION FAILURE"}
{"HOST":"proinso.sa.com","REQUEST_URI":"\/flujo\/login.php","requestType":"POST","cookie":{"csrfp_token":"0a24dbcfad","PHPSESSID":"3ab5b3fc16978d2cd60120a567486158"},"timestamp":1550848603,"message":"OWASP CSRF PROTECTOR VALIDATION FAILURE"}
{"HOST":"proinso.sa.com","REQUEST_URI":"\/flujo\/login.php","requestType":"POST","cookie":{"PHPSESSID":"3ab5b3fc16978d2cd60120a567486158"},"timestamp":1550852827,"message":"OWASP CSRF PROTECTOR VALIDATION FAILURE"}
{"HOST":"proinso.sa.com","REQUEST_URI":"\/flujo\/login.php","requestType":"POST","cookie":{"PHPSESSID":"3ab5b3fc16978d2cd60120a567486158"},"timestamp":1550858344,"message":"OWASP CSRF PROTECTOR VALIDATION FAILURE"}
{"HOST":"proinso.sa.com","REQUEST_URI":"\/flujo\/login.php","requestType":"POST","cookie":{"PHPSESSID":"a1fcc9f8eb55494f3a1e418a8e4bc750"},"timestamp":1550858867,"message":"OWASP CSRF PROTECTOR VALIDATION FAILURE"}
{"HOST":"proinso.sa.com","REQUEST_URI":"\/flujo\/login.php","requestType":"POST","cookie":{"PHPSESSID":"aeb30637d020879551a46d5b777bb0d8"},"timestamp":1550879691,"message":"OWASP CSRF PROTECTOR VALIDATION FAILURE"}
{"HOST":"proinso.sa.com","REQUEST_URI":"\/flujo\/login.php","requestType":"POST","cookie":{"PHPSESSID":"7f259a4a271a8a953030f5510c8fa148"},"timestamp":1551186669,"message":"OWASP CSRF PROTECTOR VALIDATION FAILURE"}
{"HOST":"www.proinso.sa.com","REQUEST_URI":"\/flujo\/login.php","requestType":"POST","cookie":{"PHPSESSID":"4d38274b383b1f1d1a831706784db449"},"timestamp":1551187575,"message":"OWASP CSRF PROTECTOR VALIDATION FAILURE"}
{"HOST":"www.proinso.sa.com","REQUEST_URI":"\/flujo\/login.php","requestType":"POST","cookie":{"PHPSESSID":"4d38274b383b1f1d1a831706784db449"},"timestamp":1551187580,"message":"OWASP CSRF PROTECTOR VALIDATION FAILURE"}
{"HOST":"www.proinso.sa.com","REQUEST_URI":"\/flujo\/login.php","requestType":"POST","cookie":{"PHPSESSID":"4d38274b383b1f1d1a831706784db449"},"timestamp":1551187583,"message":"OWASP CSRF PROTECTOR VALIDATION FAILURE"}
{"HOST":"proinso.sa.com","REQUEST_URI":"\/flujo\/login.php","requestType":"POST","cookie":{"PHPSESSID":"3b57d7d672d9a3f574f7a1b2ae730672"},"timestamp":1551190338,"message":"OWASP CSRF PROTECTOR VALIDATION FAILURE"}
{"HOST":"proinso.sa.com","REQUEST_URI":"\/flujo\/login.php","requestType":"POST","cookie":{"PHPSESSID":"3b57d7d672d9a3f574f7a1b2ae730672"},"timestamp":1551190338,"message":"OWASP CSRF PROTECTOR VALIDATION FAILURE"}
{"HOST":"proinso.sa.com","REQUEST_URI":"\/flujo\/login.php","requestType":"POST","cookie":{"PHPSESSID":"f971bbeca419bb5874188f134f7b5d0e"},"timestamp":1551220382,"message":"OWASP CSRF PROTECTOR VALIDATION FAILURE"}
{"HOST":"proinso.sa.com","REQUEST_URI":"\/flujo\/login.php","requestType":"POST","cookie":{"PHPSESSID":"f971bbeca419bb5874188f134f7b5d0e"},"timestamp":1551232380,"message":"OWASP CSRF PROTECTOR VALIDATION FAILURE"}
{"HOST":"localhost","REQUEST_URI":"\/proinso.sa.com\/flujo\/login.php","requestType":"POST","cookie":{"csrfp_token":"c92abac43d","PHPSESSID":"3nbd6fq13gq4vkvqn858t6qh52","SLG_G_WPT_TO":"en","SLG_GWPT_Show_Hide_tmp":"undefined","SLG_wptGlobTipTmp":"undefined"},"timestamp":1551362586,"message":"OWASP CSRF PROTECTOR VALIDATION FAILURE"}
{"HOST":"localhost","REQUEST_URI":"\/proinso.sa.com\/flujo\/login.php","requestType":"POST","cookie":{"csrfp_token":"c92abac43d","PHPSESSID":"3nbd6fq13gq4vkvqn858t6qh52","SLG_G_WPT_TO":"en","SLG_GWPT_Show_Hide_tmp":"undefined","SLG_wptGlobTipTmp":"undefined"},"timestamp":1551362589,"message":"OWASP CSRF PROTECTOR VALIDATION FAILURE"}
{"HOST":"localhost","REQUEST_URI":"\/proinso.sa.com\/flujo\/login.php","requestType":"POST","cookie":{"csrfp_token":"c92abac43d","PHPSESSID":"3nbd6fq13gq4vkvqn858t6qh52","SLG_G_WPT_TO":"en","SLG_GWPT_Show_Hide_tmp":"undefined","SLG_wptGlobTipTmp":"undefined"},"timestamp":1551362591,"message":"OWASP CSRF PROTECTOR VALIDATION FAILURE"}
{"HOST":"localhost","REQUEST_URI":"\/proinso.sa.com\/flujo\/login.php","requestType":"POST","cookie":{"csrfp_token":"c92abac43d","PHPSESSID":"3nbd6fq13gq4vkvqn858t6qh52","SLG_G_WPT_TO":"en","SLG_GWPT_Show_Hide_tmp":"undefined","SLG_wptGlobTipTmp":"undefined"},"timestamp":1551362594,"message":"OWASP CSRF PROTECTOR VALIDATION FAILURE"}
