{"HOST":"192.168.1.21","REQUEST_URI":"\/proinso.sa.com\/flujo\/login.php","requestType":"POST","cookie":{"PHPSESSID":"aimbec9g6uhle94kfurubjkhnc"},"timestamp":1551463807,"message":"OWASP CSRF PROTECTOR VALIDATION FAILURE"}
{"HOST":"proinso.sa.com","REQUEST_URI":"\/flujo\/login.php","requestType":"POST","cookie":{"PHPSESSID":"60a80559b6fdeafe1041511314126647"},"timestamp":1551796332,"message":"OWASP CSRF PROTECTOR VALIDATION FAILURE"}
{"HOST":"proinso.sa.com","REQUEST_URI":"\/flujo\/login.php","requestType":"POST","cookie":{"PHPSESSID":"60a80559b6fdeafe1041511314126647"},"timestamp":1551806104,"message":"OWASP CSRF PROTECTOR VALIDATION FAILURE"}
{"HOST":"proinso.sa.com","REQUEST_URI":"\/flujo\/login.php","requestType":"POST","cookie":{"csrfp_token":"e0c3a476f7","PHPSESSID":"9a6e185d51b0b76be64185bbab37fe39"},"timestamp":1551874430,"message":"OWASP CSRF PROTECTOR VALIDATION FAILURE"}
{"HOST":"proinso.py.digital","REQUEST_URI":"\/flujo\/login.php","requestType":"POST","cookie":{"PHPSESSID":"7b97fafbe1480838a8ccda2a2743c049"},"timestamp":1551884890,"message":"OWASP CSRF PROTECTOR VALIDATION FAILURE"}
{"HOST":"proinso.py.digital","REQUEST_URI":"\/flujo\/login.php","requestType":"POST","cookie":{"PHPSESSID":"7b97fafbe1480838a8ccda2a2743c049"},"timestamp":1551884901,"message":"OWASP CSRF PROTECTOR VALIDATION FAILURE"}
{"HOST":"proinso.py.digital","REQUEST_URI":"\/flujo\/login.php","requestType":"POST","cookie":{"PHPSESSID":"7b97fafbe1480838a8ccda2a2743c049"},"timestamp":1551884902,"message":"OWASP CSRF PROTECTOR VALIDATION FAILURE"}
{"HOST":"proinso.sa.com","REQUEST_URI":"\/flujo\/login.php","requestType":"POST","cookie":{"PHPSESSID":"7f259a4a271a8a953030f5510c8fa148"},"timestamp":1551890934,"message":"OWASP CSRF PROTECTOR VALIDATION FAILURE"}
{"HOST":"proinso.py.digital","REQUEST_URI":"\/flujo\/login.php","requestType":"POST","cookie":{"PHPSESSID":"7b97fafbe1480838a8ccda2a2743c049"},"timestamp":1551901629,"message":"OWASP CSRF PROTECTOR VALIDATION FAILURE"}
{"HOST":"proinso.py.digital","REQUEST_URI":"\/flujo\/login.php","requestType":"POST","cookie":{"PHPSESSID":"7b97fafbe1480838a8ccda2a2743c049"},"timestamp":1551901681,"message":"OWASP CSRF PROTECTOR VALIDATION FAILURE"}
{"HOST":"proinso.py.digital","REQUEST_URI":"\/flujo\/login.php","requestType":"POST","cookie":{"PHPSESSID":"7b97fafbe1480838a8ccda2a2743c049"},"timestamp":1551901691,"message":"OWASP CSRF PROTECTOR VALIDATION FAILURE"}
{"HOST":"proinso.sa.com","REQUEST_URI":"\/flujo\/login.php","requestType":"POST","cookie":{"PHPSESSID":"a35ba9cfd67989c05b3bd3e3e3a35415"},"timestamp":1551919011,"message":"OWASP CSRF PROTECTOR VALIDATION FAILURE"}
{"HOST":"proinso.sa.com","REQUEST_URI":"\/flujo\/login.php","requestType":"POST","cookie":{"PHPSESSID":"a35ba9cfd67989c05b3bd3e3e3a35415"},"timestamp":1551919017,"message":"OWASP CSRF PROTECTOR VALIDATION FAILURE"}
{"HOST":"proinso.sa.com","REQUEST_URI":"\/flujo\/login.php","requestType":"POST","cookie":{"PHPSESSID":"68384b055771b3e3246fc62e918658f4"},"timestamp":1551921447,"message":"OWASP CSRF PROTECTOR VALIDATION FAILURE"}
{"HOST":"www.proinso.sa.com","REQUEST_URI":"\/flujo\/login.php","requestType":"POST","cookie":{"PHPSESSID":"906aba792a3f2571aac8e1d8484329b9"},"timestamp":1551968189,"message":"OWASP CSRF PROTECTOR VALIDATION FAILURE"}
{"HOST":"www.proinso.sa.com","REQUEST_URI":"\/flujo\/login.php","requestType":"POST","cookie":{"PHPSESSID":"906aba792a3f2571aac8e1d8484329b9"},"timestamp":1551968194,"message":"OWASP CSRF PROTECTOR VALIDATION FAILURE"}
{"HOST":"proinso.sa.com","REQUEST_URI":"\/flujo\/login.php","requestType":"POST","cookie":{"PHPSESSID":"32defc65cb047ed6adcd445a1f6ce642"},"timestamp":1551980285,"message":"OWASP CSRF PROTECTOR VALIDATION FAILURE"}
{"HOST":"proinso.py.digital","REQUEST_URI":"\/flujo\/login.php","requestType":"POST","cookie":{"PHPSESSID":"5b8ed7dece939790cb3a203e6d4c6620"},"timestamp":1552047714,"message":"OWASP CSRF PROTECTOR VALIDATION FAILURE"}
{"HOST":"proinso.py.digital","REQUEST_URI":"\/flujo\/login.php","requestType":"POST","cookie":{"PHPSESSID":"5b8ed7dece939790cb3a203e6d4c6620"},"timestamp":1552047714,"message":"OWASP CSRF PROTECTOR VALIDATION FAILURE"}
{"HOST":"proinso.py.digital","REQUEST_URI":"\/flujo\/login.php","requestType":"POST","cookie":{"PHPSESSID":"5b8ed7dece939790cb3a203e6d4c6620"},"timestamp":1552047721,"message":"OWASP CSRF PROTECTOR VALIDATION FAILURE"}
{"HOST":"proinso.py.digital","REQUEST_URI":"\/flujo\/login.php","requestType":"POST","cookie":{"PHPSESSID":"5b8ed7dece939790cb3a203e6d4c6620"},"timestamp":1552047721,"message":"OWASP CSRF PROTECTOR VALIDATION FAILURE"}
{"HOST":"proinso.py.digital","REQUEST_URI":"\/flujo\/login.php","requestType":"POST","cookie":{"PHPSESSID":"5b8ed7dece939790cb3a203e6d4c6620"},"timestamp":1552047724,"message":"OWASP CSRF PROTECTOR VALIDATION FAILURE"}
{"HOST":"proinso.py.digital","REQUEST_URI":"\/flujo\/login.php","requestType":"POST","cookie":{"PHPSESSID":"5b8ed7dece939790cb3a203e6d4c6620"},"timestamp":1552047724,"message":"OWASP CSRF PROTECTOR VALIDATION FAILURE"}
{"HOST":"proinso.py.digital","REQUEST_URI":"\/flujo\/login.php","requestType":"POST","cookie":{"PHPSESSID":"5b8ed7dece939790cb3a203e6d4c6620"},"timestamp":1552047725,"message":"OWASP CSRF PROTECTOR VALIDATION FAILURE"}
{"HOST":"proinso.py.digital","REQUEST_URI":"\/flujo\/login.php","requestType":"POST","cookie":{"PHPSESSID":"5b8ed7dece939790cb3a203e6d4c6620"},"timestamp":1552047726,"message":"OWASP CSRF PROTECTOR VALIDATION FAILURE"}
{"HOST":"proinso.py.digital","REQUEST_URI":"\/flujo\/login.php","requestType":"POST","cookie":{"PHPSESSID":"5b8ed7dece939790cb3a203e6d4c6620"},"timestamp":1552047726,"message":"OWASP CSRF PROTECTOR VALIDATION FAILURE"}
{"HOST":"proinso.py.digital","REQUEST_URI":"\/flujo\/login.php","requestType":"POST","cookie":{"PHPSESSID":"5b8ed7dece939790cb3a203e6d4c6620"},"timestamp":1552048209,"message":"OWASP CSRF PROTECTOR VALIDATION FAILURE"}
{"HOST":"proinso.py.digital","REQUEST_URI":"\/flujo\/login.php","requestType":"POST","cookie":{"PHPSESSID":"33ea6788cf7f19d5ba75973031c18ad9"},"timestamp":1552054810,"message":"OWASP CSRF PROTECTOR VALIDATION FAILURE"}
{"HOST":"proinso.py.digital","REQUEST_URI":"\/flujo\/login.php","requestType":"POST","cookie":{"PHPSESSID":"33ea6788cf7f19d5ba75973031c18ad9"},"timestamp":1552054823,"message":"OWASP CSRF PROTECTOR VALIDATION FAILURE"}
{"HOST":"proinso.py.digital","REQUEST_URI":"\/flujo\/login.php","requestType":"POST","cookie":{"PHPSESSID":"33ea6788cf7f19d5ba75973031c18ad9"},"timestamp":1552054823,"message":"OWASP CSRF PROTECTOR VALIDATION FAILURE"}
{"HOST":"proinso.sa.com","REQUEST_URI":"\/flujo\/login.php","requestType":"POST","cookie":{"PHPSESSID":"2ce4dc861a0226575df329374bba9367"},"timestamp":1552086301,"message":"OWASP CSRF PROTECTOR VALIDATION FAILURE"}
{"HOST":"proinso.sa.com","REQUEST_URI":"\/flujo\/login.php","requestType":"POST","cookie":{"PHPSESSID":"80804b3801ac1f6c6201cfbe9dba31ae"},"timestamp":1552270720,"message":"OWASP CSRF PROTECTOR VALIDATION FAILURE"}
{"HOST":"proinso.sa.com","REQUEST_URI":"\/flujo\/login.php","requestType":"POST","cookie":{"PHPSESSID":"b9051cbf8267cb053ab3f69248fcd3d1"},"timestamp":1552327350,"message":"OWASP CSRF PROTECTOR VALIDATION FAILURE"}
{"HOST":"proinso.py.digital","REQUEST_URI":"\/flujo\/login.php","requestType":"POST","cookie":{"PHPSESSID":"04dadb7b13eddf836e0181681d2508a8"},"timestamp":1552331678,"message":"OWASP CSRF PROTECTOR VALIDATION FAILURE"}
{"HOST":"proinso.py.digital","REQUEST_URI":"\/flujo\/login.php","requestType":"POST","cookie":{"PHPSESSID":"04dadb7b13eddf836e0181681d2508a8"},"timestamp":1552331687,"message":"OWASP CSRF PROTECTOR VALIDATION FAILURE"}
{"HOST":"proinso.py.digital","REQUEST_URI":"\/flujo\/login.php","requestType":"POST","cookie":{"PHPSESSID":"04dadb7b13eddf836e0181681d2508a8"},"timestamp":1552331687,"message":"OWASP CSRF PROTECTOR VALIDATION FAILURE"}
{"HOST":"proinso.py.digital","REQUEST_URI":"\/flujo\/login.php","requestType":"POST","cookie":{"PHPSESSID":"5e1c8aa8092b37398ebeab73703f9712"},"timestamp":1552394842,"message":"OWASP CSRF PROTECTOR VALIDATION FAILURE"}
{"HOST":"proinso.py.digital","REQUEST_URI":"\/flujo\/login.php","requestType":"POST","cookie":{"PHPSESSID":"5e1c8aa8092b37398ebeab73703f9712"},"timestamp":1552394844,"message":"OWASP CSRF PROTECTOR VALIDATION FAILURE"}
{"HOST":"proinso.sa.com","REQUEST_URI":"\/flujo\/login.php","requestType":"POST","cookie":{"PHPSESSID":"ba944ccf7d02be33a8435622286a8636"},"timestamp":1552487604,"message":"OWASP CSRF PROTECTOR VALIDATION FAILURE"}
{"HOST":"proinso.sa.com","REQUEST_URI":"\/flujo\/login.php","requestType":"POST","cookie":{"PHPSESSID":"29645cf93a99d72f9b33e5ddd44de82d"},"timestamp":1552571650,"message":"OWASP CSRF PROTECTOR VALIDATION FAILURE"}
{"HOST":"proinso.sa.com","REQUEST_URI":"\/flujo\/login.php","requestType":"POST","cookie":{"PHPSESSID":"29645cf93a99d72f9b33e5ddd44de82d"},"timestamp":1552571650,"message":"OWASP CSRF PROTECTOR VALIDATION FAILURE"}
{"HOST":"proinso.sa.com","REQUEST_URI":"\/flujo\/login.php","requestType":"POST","cookie":{"PHPSESSID":"29645cf93a99d72f9b33e5ddd44de82d"},"timestamp":1552571650,"message":"OWASP CSRF PROTECTOR VALIDATION FAILURE"}
{"HOST":"proinso.sa.com","REQUEST_URI":"\/flujo\/login.php","requestType":"POST","cookie":{"PHPSESSID":"29645cf93a99d72f9b33e5ddd44de82d"},"timestamp":1552571650,"message":"OWASP CSRF PROTECTOR VALIDATION FAILURE"}
{"HOST":"proinso.sa.com","REQUEST_URI":"\/flujo\/login.php","requestType":"POST","cookie":{"PHPSESSID":"29645cf93a99d72f9b33e5ddd44de82d"},"timestamp":1552571650,"message":"OWASP CSRF PROTECTOR VALIDATION FAILURE"}
{"HOST":"proinso.sa.com","REQUEST_URI":"\/flujo\/login.php","requestType":"POST","cookie":{"PHPSESSID":"bf46c3f0bedd5bc8545a31140add9078"},"timestamp":1552591491,"message":"OWASP CSRF PROTECTOR VALIDATION FAILURE"}
{"HOST":"proinso.sa.com","REQUEST_URI":"\/flujo\/login.php","requestType":"POST","cookie":{"PHPSESSID":"5fd495ba8eb0a6aeaff72aba6d257471"},"timestamp":1552695962,"message":"OWASP CSRF PROTECTOR VALIDATION FAILURE"}
{"HOST":"proinso.sa.com","REQUEST_URI":"\/flujo\/login.php","requestType":"POST","cookie":{"PHPSESSID":"d2e48ce5468615f53a5839c7393f453e"},"timestamp":1553021112,"message":"OWASP CSRF PROTECTOR VALIDATION FAILURE"}
{"HOST":"proinso.sa.com","REQUEST_URI":"\/flujo\/login.php","requestType":"POST","cookie":{"PHPSESSID":"d2e48ce5468615f53a5839c7393f453e"},"timestamp":1553021112,"message":"OWASP CSRF PROTECTOR VALIDATION FAILURE"}
{"HOST":"proinso.sa.com","REQUEST_URI":"\/flujo\/login.php","requestType":"POST","cookie":{"PHPSESSID":"09f8fd1a49c6f265a56554c91a4d4cd2"},"timestamp":1553046377,"message":"OWASP CSRF PROTECTOR VALIDATION FAILURE"}
{"HOST":"proinso.sa.com","REQUEST_URI":"\/flujo\/login.php","requestType":"POST","cookie":{"PHPSESSID":"fba7ead380d444c4ff5a3b976ea7c93b"},"timestamp":1553102732,"message":"OWASP CSRF PROTECTOR VALIDATION FAILURE"}
{"HOST":"proinso.sa.com","REQUEST_URI":"\/flujo\/login.php","requestType":"POST","cookie":{"PHPSESSID":"fba7ead380d444c4ff5a3b976ea7c93b"},"timestamp":1553102732,"message":"OWASP CSRF PROTECTOR VALIDATION FAILURE"}
{"HOST":"proinso.sa.com","REQUEST_URI":"\/flujo\/login.php","requestType":"POST","cookie":{"PHPSESSID":"fba7ead380d444c4ff5a3b976ea7c93b"},"timestamp":1553102741,"message":"OWASP CSRF PROTECTOR VALIDATION FAILURE"}
{"HOST":"proinso.sa.com","REQUEST_URI":"\/flujo\/login.php","requestType":"POST","cookie":{"PHPSESSID":"fba7ead380d444c4ff5a3b976ea7c93b"},"timestamp":1553102742,"message":"OWASP CSRF PROTECTOR VALIDATION FAILURE"}
{"HOST":"proinso.sa.com","REQUEST_URI":"\/flujo\/login.php","requestType":"POST","cookie":{"PHPSESSID":"fba7ead380d444c4ff5a3b976ea7c93b"},"timestamp":1553102743,"message":"OWASP CSRF PROTECTOR VALIDATION FAILURE"}
{"HOST":"proinso.py.digital","REQUEST_URI":"\/flujo\/login.php","requestType":"POST","cookie":{"PHPSESSID":"85fa913348de625a9e855acb5ab994ca"},"timestamp":1553110259,"message":"OWASP CSRF PROTECTOR VALIDATION FAILURE"}
{"HOST":"proinso.py.digital","REQUEST_URI":"\/flujo\/login.php","requestType":"POST","cookie":{"PHPSESSID":"85fa913348de625a9e855acb5ab994ca"},"timestamp":1553110264,"message":"OWASP CSRF PROTECTOR VALIDATION FAILURE"}
{"HOST":"proinso.sa.com","REQUEST_URI":"\/flujo\/login.php","requestType":"POST","cookie":{"PHPSESSID":"fba7ead380d444c4ff5a3b976ea7c93b"},"timestamp":1553130135,"message":"OWASP CSRF PROTECTOR VALIDATION FAILURE"}
{"HOST":"proinso.sa.com","REQUEST_URI":"\/flujo\/login.php","requestType":"POST","cookie":{"PHPSESSID":"fba7ead380d444c4ff5a3b976ea7c93b"},"timestamp":1553130157,"message":"OWASP CSRF PROTECTOR VALIDATION FAILURE"}
{"HOST":"proinso.sa.com","REQUEST_URI":"\/flujo\/login.php","requestType":"POST","cookie":{"PHPSESSID":"fba7ead380d444c4ff5a3b976ea7c93b"},"timestamp":1553130158,"message":"OWASP CSRF PROTECTOR VALIDATION FAILURE"}
{"HOST":"proinso.sa.com","REQUEST_URI":"\/flujo\/login.php","requestType":"POST","cookie":{"PHPSESSID":"c6e306af27544b114a4ea051af2f32ab"},"timestamp":1553264931,"message":"OWASP CSRF PROTECTOR VALIDATION FAILURE"}
{"HOST":"proinso.sa.com","REQUEST_URI":"\/flujo\/login.php","requestType":"POST","cookie":{"csrfp_token":"f3e2f4046a","PHPSESSID":"c6e306af27544b114a4ea051af2f32ab"},"timestamp":1553279342,"message":"OWASP CSRF PROTECTOR VALIDATION FAILURE"}
{"HOST":"proinso.sa.com","REQUEST_URI":"\/flujo\/login.php","requestType":"POST","cookie":{"PHPSESSID":"c6e306af27544b114a4ea051af2f32ab"},"timestamp":1553283243,"message":"OWASP CSRF PROTECTOR VALIDATION FAILURE"}
{"HOST":"www.proinso.sa.com","REQUEST_URI":"\/flujo\/login.php","requestType":"POST","cookie":[],"timestamp":1553290191,"message":"OWASP CSRF PROTECTOR VALIDATION FAILURE"}
{"HOST":"www.proinso.sa.com","REQUEST_URI":"\/flujo\/login.php","requestType":"POST","cookie":{"PHPSESSID":"e469b8edaee129196b212b279599cfe8"},"timestamp":1553290202,"message":"OWASP CSRF PROTECTOR VALIDATION FAILURE"}
{"HOST":"www.proinso.sa.com","REQUEST_URI":"\/flujo\/login.php","requestType":"POST","cookie":{"PHPSESSID":"e469b8edaee129196b212b279599cfe8"},"timestamp":1553290209,"message":"OWASP CSRF PROTECTOR VALIDATION FAILURE"}
{"HOST":"www.proinso.sa.com","REQUEST_URI":"\/flujo\/login.php","requestType":"POST","cookie":{"PHPSESSID":"e469b8edaee129196b212b279599cfe8"},"timestamp":1553290209,"message":"OWASP CSRF PROTECTOR VALIDATION FAILURE"}
{"HOST":"www.proinso.sa.com","REQUEST_URI":"\/flujo\/login.php","requestType":"POST","cookie":{"PHPSESSID":"e469b8edaee129196b212b279599cfe8"},"timestamp":1553291358,"message":"OWASP CSRF PROTECTOR VALIDATION FAILURE"}
{"HOST":"localhost","REQUEST_URI":"\/facturacion\/login.php","requestType":"POST","cookie":{"csrfp_token":"3a06590178","_ga":"GA1.1.1604206472.1548543402","PHPSESSID":"lm18l84d5i0a5rtfoq02n1uhkq"},"timestamp":1553349177,"message":"OWASP CSRF PROTECTOR VALIDATION FAILURE"}
{"HOST":"localhost","REQUEST_URI":"\/facturacion\/login.php","requestType":"POST","cookie":{"csrfp_token":"3a06590178","_ga":"GA1.1.1604206472.1548543402","PHPSESSID":"lm18l84d5i0a5rtfoq02n1uhkq"},"timestamp":1553349182,"message":"OWASP CSRF PROTECTOR VALIDATION FAILURE"}
{"HOST":"localhost","REQUEST_URI":"\/facturacion\/login.php","requestType":"POST","cookie":{"csrfp_token":"3a06590178","_ga":"GA1.1.1604206472.1548543402","PHPSESSID":"lm18l84d5i0a5rtfoq02n1uhkq"},"timestamp":1553349187,"message":"OWASP CSRF PROTECTOR VALIDATION FAILURE"}
{"HOST":"localhost","REQUEST_URI":"\/facturacion\/login.php","requestType":"POST","cookie":{"csrfp_token":"108f5582bf","PHPSESSID":"jvjgb576tjk2rb68hbhu6ft4cg"},"timestamp":1553349197,"message":"OWASP CSRF PROTECTOR VALIDATION FAILURE"}
{"HOST":"localhost","REQUEST_URI":"\/facturacion\/login.php","requestType":"POST","cookie":{"csrfp_token":"108f5582bf","PHPSESSID":"jvjgb576tjk2rb68hbhu6ft4cg"},"timestamp":1553349214,"message":"OWASP CSRF PROTECTOR VALIDATION FAILURE"}
{"HOST":"localhost","REQUEST_URI":"\/facturacion\/flujo\/login.php","requestType":"POST","cookie":{"csrfp_token":"108f5582bf","PHPSESSID":"jvjgb576tjk2rb68hbhu6ft4cg"},"timestamp":1553349276,"message":"OWASP CSRF PROTECTOR VALIDATION FAILURE"}
{"HOST":"localhost","REQUEST_URI":"\/facturacion\/flujo\/login.php","requestType":"POST","cookie":{"csrfp_token":"108f5582bf","PHPSESSID":"jvjgb576tjk2rb68hbhu6ft4cg"},"timestamp":1553349284,"message":"OWASP CSRF PROTECTOR VALIDATION FAILURE"}
{"HOST":"localhost","REQUEST_URI":"\/facturacion\/flujo\/login.php","requestType":"POST","cookie":{"csrfp_token":"3a06590178","_ga":"GA1.1.1604206472.1548543402","PHPSESSID":"lm18l84d5i0a5rtfoq02n1uhkq"},"timestamp":1553349354,"message":"OWASP CSRF PROTECTOR VALIDATION FAILURE"}
{"HOST":"192.168.1.16","REQUEST_URI":"\/facturacion\/flujo\/login.php","requestType":"POST","cookie":{"csrfp_token":"a1b85093be","PHPSESSID":"b6vlsq20ooil0p0pvicuq9foe0"},"timestamp":1553707873,"message":"OWASP CSRF PROTECTOR VALIDATION FAILURE"}
{"HOST":"192.168.1.16","REQUEST_URI":"\/facturacion\/flujo\/login.php","requestType":"POST","cookie":{"csrfp_token":"0b766f90f8","PHPSESSID":"ji2lismofe3l82n3komvdupvhb"},"timestamp":1553873089,"message":"OWASP CSRF PROTECTOR VALIDATION FAILURE"}
