{"HOST":"proinso.py.digital","REQUEST_URI":"\/flujo\/login.php","requestType":"POST","cookie":{"csrfp_token":"ddb712f59e","PHPSESSID":"85dbccc653d63fd372045ceeecd4dc6f"},"timestamp":1541101044,"message":"OWASP CSRF PROTECTOR VALIDATION FAILURE"}
{"HOST":"proinso.py.digital","REQUEST_URI":"\/flujo\/login.php","requestType":"POST","cookie":{"csrfp_token":"ddb712f59e","PHPSESSID":"85dbccc653d63fd372045ceeecd4dc6f"},"timestamp":1541101044,"message":"OWASP CSRF PROTECTOR VALIDATION FAILURE"}
{"HOST":"proinso.sa.com","REQUEST_URI":"\/flujo\/login.php","requestType":"POST","cookie":{"PHPSESSID":"4b5afb6818777e4589ec345e5ba944c3"},"timestamp":1541167361,"message":"OWASP CSRF PROTECTOR VALIDATION FAILURE"}
{"HOST":"proinso.sa.com","REQUEST_URI":"\/flujo\/ver-detalle-traslado.php","requestType":"POST","cookie":{"csrfp_token":"3985a337dd","PHPSESSID":"9hila4u05g0eqpmk0849lj2252"},"timestamp":1541422571,"message":"OWASP CSRF PROTECTOR VALIDATION FAILURE"}
{"HOST":"proinso.sa.com","REQUEST_URI":"\/flujo\/ver-detalle-traslado.php","requestType":"POST","cookie":{"csrfp_token":"3985a337dd","PHPSESSID":"9hila4u05g0eqpmk0849lj2252"},"timestamp":1541422593,"message":"OWASP CSRF PROTECTOR VALIDATION FAILURE"}
{"HOST":"proinso.sa.com","REQUEST_URI":"\/flujo\/ver-detalle-traslado.php","requestType":"POST","cookie":{"csrfp_token":"3985a337dd","PHPSESSID":"9hila4u05g0eqpmk0849lj2252"},"timestamp":1541422606,"message":"OWASP CSRF PROTECTOR VALIDATION FAILURE"}
{"HOST":"proinso.sa.com","REQUEST_URI":"\/flujo\/ver-detalle-traslado.php","requestType":"POST","cookie":{"csrfp_token":"625bd1a174","PHPSESSID":"529530020b3477f68e81b2f5e08b3ada"},"timestamp":1541424292,"message":"OWASP CSRF PROTECTOR VALIDATION FAILURE"}
{"HOST":"proinso.sa.com","REQUEST_URI":"\/flujo\/ver-detalle-traslado.php","requestType":"POST","cookie":{"csrfp_token":"625bd1a174","PHPSESSID":"529530020b3477f68e81b2f5e08b3ada"},"timestamp":1541424297,"message":"OWASP CSRF PROTECTOR VALIDATION FAILURE"}
{"HOST":"proinso.sa.com","REQUEST_URI":"\/flujo\/ver-detalle-traslado.php","requestType":"POST","cookie":{"csrfp_token":"625bd1a174","PHPSESSID":"529530020b3477f68e81b2f5e08b3ada"},"timestamp":1541424315,"message":"OWASP CSRF PROTECTOR VALIDATION FAILURE"}
{"HOST":"proinso.py.digital","REQUEST_URI":"\/flujo\/ver-detalle-traslado.php","requestType":"POST","cookie":{"csrfp_token":"a0117df04a","PHPSESSID":"85567c178eba1a7de9925f3f0bd75a11"},"timestamp":1541442484,"message":"OWASP CSRF PROTECTOR VALIDATION FAILURE"}
{"HOST":"proinso.py.digital","REQUEST_URI":"\/flujo\/ver-detalle-traslado.php","requestType":"POST","cookie":{"csrfp_token":"a0117df04a","PHPSESSID":"85567c178eba1a7de9925f3f0bd75a11"},"timestamp":1541442494,"message":"OWASP CSRF PROTECTOR VALIDATION FAILURE"}
{"HOST":"proinso.py.digital","REQUEST_URI":"\/flujo\/ver-detalle-traslado.php","requestType":"POST","cookie":{"csrfp_token":"a0117df04a","PHPSESSID":"85567c178eba1a7de9925f3f0bd75a11"},"timestamp":1541442521,"message":"OWASP CSRF PROTECTOR VALIDATION FAILURE"}
{"HOST":"proinso.py.digital","REQUEST_URI":"\/flujo\/ver-detalle-traslado.php","requestType":"POST","cookie":{"csrfp_token":"a0117df04a","PHPSESSID":"85567c178eba1a7de9925f3f0bd75a11"},"timestamp":1541442523,"message":"OWASP CSRF PROTECTOR VALIDATION FAILURE"}
{"HOST":"proinso.py.digital","REQUEST_URI":"\/flujo\/login.php","requestType":"POST","cookie":{"PHPSESSID":"318237cc81d77524d1ab873321bcb711"},"timestamp":1541445072,"message":"OWASP CSRF PROTECTOR VALIDATION FAILURE"}
{"HOST":"proinso.py.digital","REQUEST_URI":"\/flujo\/login.php","requestType":"POST","cookie":{"PHPSESSID":"318237cc81d77524d1ab873321bcb711"},"timestamp":1541445075,"message":"OWASP CSRF PROTECTOR VALIDATION FAILURE"}
{"HOST":"proinso.sa.com","REQUEST_URI":"\/flujo\/login.php","requestType":"POST","cookie":{"PHPSESSID":"d338e98d201b7e8d2cfd530569acf34c"},"timestamp":1541699345,"message":"OWASP CSRF PROTECTOR VALIDATION FAILURE"}
{"HOST":"proinso.sa.com","REQUEST_URI":"\/flujo\/login.php","requestType":"POST","cookie":{"PHPSESSID":"d338e98d201b7e8d2cfd530569acf34c"},"timestamp":1541699353,"message":"OWASP CSRF PROTECTOR VALIDATION FAILURE"}
{"HOST":"proinso.sa.com","REQUEST_URI":"\/flujo\/login.php","requestType":"POST","cookie":{"PHPSESSID":"db7b74bc80694dc8ea6b8ff90dee02ca"},"timestamp":1541704070,"message":"OWASP CSRF PROTECTOR VALIDATION FAILURE"}
{"HOST":"proinso.sa.com","REQUEST_URI":"\/flujo\/login.php","requestType":"POST","cookie":{"PHPSESSID":"db7b74bc80694dc8ea6b8ff90dee02ca"},"timestamp":1541704115,"message":"OWASP CSRF PROTECTOR VALIDATION FAILURE"}
{"HOST":"proinso.sa.com","REQUEST_URI":"\/flujo\/login.php","requestType":"POST","cookie":{"PHPSESSID":"c8f13aa59f667e5c80984d7a02c47d56"},"timestamp":1541772494,"message":"OWASP CSRF PROTECTOR VALIDATION FAILURE"}
{"HOST":"proinso.sa.com","REQUEST_URI":"\/flujo\/login.php","requestType":"POST","cookie":{"PHPSESSID":"c8f13aa59f667e5c80984d7a02c47d56"},"timestamp":1541772530,"message":"OWASP CSRF PROTECTOR VALIDATION FAILURE"}
{"HOST":"proinso.sa.com","REQUEST_URI":"\/flujo\/login.php","requestType":"POST","cookie":{"PHPSESSID":"c8f13aa59f667e5c80984d7a02c47d56"},"timestamp":1541772535,"message":"OWASP CSRF PROTECTOR VALIDATION FAILURE"}
{"HOST":"proinso.sa.com","REQUEST_URI":"\/flujo\/login.php","requestType":"POST","cookie":{"PHPSESSID":"db7b74bc80694dc8ea6b8ff90dee02ca"},"timestamp":1541787086,"message":"OWASP CSRF PROTECTOR VALIDATION FAILURE"}
{"HOST":"proinso.sa.com","REQUEST_URI":"\/flujo\/login.php","requestType":"POST","cookie":{"PHPSESSID":"f0b83e1cf7c9b25743a68f55a175341f"},"timestamp":1541789911,"message":"OWASP CSRF PROTECTOR VALIDATION FAILURE"}
{"HOST":"proinso.sa.com","REQUEST_URI":"\/flujo\/login.php","requestType":"POST","cookie":{"PHPSESSID":"f0b83e1cf7c9b25743a68f55a175341f"},"timestamp":1541789920,"message":"OWASP CSRF PROTECTOR VALIDATION FAILURE"}
{"HOST":"proinso.sa.com","REQUEST_URI":"\/flujo\/login.php","requestType":"POST","cookie":{"PHPSESSID":"f0b83e1cf7c9b25743a68f55a175341f"},"timestamp":1541789932,"message":"OWASP CSRF PROTECTOR VALIDATION FAILURE"}
{"HOST":"proinso.sa.com","REQUEST_URI":"\/flujo\/login.php","requestType":"POST","cookie":{"PHPSESSID":"f0b83e1cf7c9b25743a68f55a175341f"},"timestamp":1541789980,"message":"OWASP CSRF PROTECTOR VALIDATION FAILURE"}
{"HOST":"proinso.sa.com","REQUEST_URI":"\/flujo\/login.php","requestType":"POST","cookie":{"PHPSESSID":"dd4348701aea43b33a425aa96c0bb2d6"},"timestamp":1541790862,"message":"OWASP CSRF PROTECTOR VALIDATION FAILURE"}
{"HOST":"proinso.sa.com","REQUEST_URI":"\/flujo\/login.php","requestType":"POST","cookie":{"PHPSESSID":"dd4348701aea43b33a425aa96c0bb2d6"},"timestamp":1541790868,"message":"OWASP CSRF PROTECTOR VALIDATION FAILURE"}
{"HOST":"proinso.sa.com","REQUEST_URI":"\/flujo\/login.php","requestType":"POST","cookie":{"PHPSESSID":"dd4348701aea43b33a425aa96c0bb2d6"},"timestamp":1541790868,"message":"OWASP CSRF PROTECTOR VALIDATION FAILURE"}
{"HOST":"proinso.sa.com","REQUEST_URI":"\/flujo\/login.php","requestType":"POST","cookie":{"PHPSESSID":"dd4348701aea43b33a425aa96c0bb2d6"},"timestamp":1541790881,"message":"OWASP CSRF PROTECTOR VALIDATION FAILURE"}
{"HOST":"proinso.sa.com","REQUEST_URI":"\/flujo\/login.php","requestType":"POST","cookie":{"PHPSESSID":"dd4348701aea43b33a425aa96c0bb2d6"},"timestamp":1541790890,"message":"OWASP CSRF PROTECTOR VALIDATION FAILURE"}
{"HOST":"proinso.sa.com","REQUEST_URI":"\/flujo\/login.php","requestType":"POST","cookie":{"PHPSESSID":"dd4348701aea43b33a425aa96c0bb2d6"},"timestamp":1541790890,"message":"OWASP CSRF PROTECTOR VALIDATION FAILURE"}
{"HOST":"proinso.sa.com","REQUEST_URI":"\/flujo\/login.php","requestType":"POST","cookie":{"PHPSESSID":"dd4348701aea43b33a425aa96c0bb2d6"},"timestamp":1541790894,"message":"OWASP CSRF PROTECTOR VALIDATION FAILURE"}
{"HOST":"proinso.sa.com","REQUEST_URI":"\/flujo\/login.php","requestType":"POST","cookie":{"PHPSESSID":"dd4348701aea43b33a425aa96c0bb2d6"},"timestamp":1541790897,"message":"OWASP CSRF PROTECTOR VALIDATION FAILURE"}
{"HOST":"proinso.sa.com","REQUEST_URI":"\/flujo\/login.php","requestType":"POST","cookie":{"PHPSESSID":"75a0ca875115c5433a7d5c1c6e9a13d3"},"timestamp":1542224868,"message":"OWASP CSRF PROTECTOR VALIDATION FAILURE"}
{"HOST":"proinso.sa.com","REQUEST_URI":"\/flujo\/login.php","requestType":"POST","cookie":{"PHPSESSID":"75a0ca875115c5433a7d5c1c6e9a13d3"},"timestamp":1542224869,"message":"OWASP CSRF PROTECTOR VALIDATION FAILURE"}
{"HOST":"proinso.sa.com","REQUEST_URI":"\/flujo\/login.php","requestType":"POST","cookie":{"PHPSESSID":"75a0ca875115c5433a7d5c1c6e9a13d3"},"timestamp":1542224877,"message":"OWASP CSRF PROTECTOR VALIDATION FAILURE"}
{"HOST":"proinso.sa.com","REQUEST_URI":"\/flujo\/login.php","requestType":"POST","cookie":{"PHPSESSID":"75a0ca875115c5433a7d5c1c6e9a13d3"},"timestamp":1542224877,"message":"OWASP CSRF PROTECTOR VALIDATION FAILURE"}
{"HOST":"proinso.sa.com","REQUEST_URI":"\/flujo\/login.php","requestType":"POST","cookie":{"PHPSESSID":"75a0ca875115c5433a7d5c1c6e9a13d3"},"timestamp":1542224878,"message":"OWASP CSRF PROTECTOR VALIDATION FAILURE"}
{"HOST":"proinso.sa.com","REQUEST_URI":"\/flujo\/login.php","requestType":"POST","cookie":{"PHPSESSID":"75a0ca875115c5433a7d5c1c6e9a13d3"},"timestamp":1542224878,"message":"OWASP CSRF PROTECTOR VALIDATION FAILURE"}
{"HOST":"proinso.sa.com","REQUEST_URI":"\/flujo\/login.php","requestType":"POST","cookie":{"PHPSESSID":"75a0ca875115c5433a7d5c1c6e9a13d3"},"timestamp":1542224890,"message":"OWASP CSRF PROTECTOR VALIDATION FAILURE"}
{"HOST":"proinso.sa.com","REQUEST_URI":"\/flujo\/login.php","requestType":"POST","cookie":{"PHPSESSID":"75a0ca875115c5433a7d5c1c6e9a13d3"},"timestamp":1542224890,"message":"OWASP CSRF PROTECTOR VALIDATION FAILURE"}
{"HOST":"proinso.sa.com","REQUEST_URI":"\/flujo\/login.php","requestType":"POST","cookie":{"PHPSESSID":"db7b74bc80694dc8ea6b8ff90dee02ca"},"timestamp":1542386283,"message":"OWASP CSRF PROTECTOR VALIDATION FAILURE"}
{"HOST":"proinso.sa.com","REQUEST_URI":"\/flujo\/login.php","requestType":"POST","cookie":{"PHPSESSID":"db7b74bc80694dc8ea6b8ff90dee02ca"},"timestamp":1542386286,"message":"OWASP CSRF PROTECTOR VALIDATION FAILURE"}
{"HOST":"proinso.sa.com","REQUEST_URI":"\/flujo\/login.php","requestType":"POST","cookie":{"PHPSESSID":"db7b74bc80694dc8ea6b8ff90dee02ca"},"timestamp":1542450528,"message":"OWASP CSRF PROTECTOR VALIDATION FAILURE"}
{"HOST":"proinso.sa.com","REQUEST_URI":"\/flujo\/login.php","requestType":"POST","cookie":{"PHPSESSID":"21dade9a5cb108c97c8f45e12b1089b0"},"timestamp":1542589134,"message":"OWASP CSRF PROTECTOR VALIDATION FAILURE"}
{"HOST":"proinso.sa.com","REQUEST_URI":"\/flujo\/login.php","requestType":"POST","cookie":{"PHPSESSID":"21dade9a5cb108c97c8f45e12b1089b0"},"timestamp":1542589140,"message":"OWASP CSRF PROTECTOR VALIDATION FAILURE"}
{"HOST":"proinso.sa.com","REQUEST_URI":"\/flujo\/login.php","requestType":"POST","cookie":{"PHPSESSID":"21dade9a5cb108c97c8f45e12b1089b0"},"timestamp":1542589145,"message":"OWASP CSRF PROTECTOR VALIDATION FAILURE"}
{"HOST":"proinso.sa.com","REQUEST_URI":"\/flujo\/login.php","requestType":"POST","cookie":{"PHPSESSID":"db7b74bc80694dc8ea6b8ff90dee02ca"},"timestamp":1542627317,"message":"OWASP CSRF PROTECTOR VALIDATION FAILURE"}
{"HOST":"proinso.sa.com","REQUEST_URI":"\/flujo\/login.php","requestType":"POST","cookie":{"PHPSESSID":"db7b74bc80694dc8ea6b8ff90dee02ca"},"timestamp":1542627325,"message":"OWASP CSRF PROTECTOR VALIDATION FAILURE"}
{"HOST":"proinso.sa.com","REQUEST_URI":"\/flujo\/login.php","requestType":"POST","cookie":{"PHPSESSID":"4200654d065b47f55f3c2a702bbfdbf9"},"timestamp":1542805930,"message":"OWASP CSRF PROTECTOR VALIDATION FAILURE"}
{"HOST":"proinso.sa.com","REQUEST_URI":"\/flujo\/login.php","requestType":"POST","cookie":{"PHPSESSID":"4200654d065b47f55f3c2a702bbfdbf9"},"timestamp":1542807845,"message":"OWASP CSRF PROTECTOR VALIDATION FAILURE"}
{"HOST":"proinso.sa.com","REQUEST_URI":"\/flujo\/login.php","requestType":"POST","cookie":{"PHPSESSID":"4200654d065b47f55f3c2a702bbfdbf9"},"timestamp":1542818091,"message":"OWASP CSRF PROTECTOR VALIDATION FAILURE"}
{"HOST":"proinso.sa.com","REQUEST_URI":"\/flujo\/login.php","requestType":"POST","cookie":{"PHPSESSID":"4200654d065b47f55f3c2a702bbfdbf9"},"timestamp":1542818097,"message":"OWASP CSRF PROTECTOR VALIDATION FAILURE"}
{"HOST":"proinso.sa.com","REQUEST_URI":"\/flujo\/login.php","requestType":"POST","cookie":{"PHPSESSID":"ed895bbfddc813dca51f94e46fe61d48"},"timestamp":1542818704,"message":"OWASP CSRF PROTECTOR VALIDATION FAILURE"}
{"HOST":"proinso.sa.com","REQUEST_URI":"\/flujo\/login.php","requestType":"POST","cookie":{"PHPSESSID":"ed895bbfddc813dca51f94e46fe61d48"},"timestamp":1542818707,"message":"OWASP CSRF PROTECTOR VALIDATION FAILURE"}
{"HOST":"proinso.sa.com","REQUEST_URI":"\/flujo\/login.php","requestType":"POST","cookie":{"PHPSESSID":"ed895bbfddc813dca51f94e46fe61d48"},"timestamp":1542818711,"message":"OWASP CSRF PROTECTOR VALIDATION FAILURE"}
{"HOST":"proinso.sa.com","REQUEST_URI":"\/flujo\/login.php","requestType":"POST","cookie":{"PHPSESSID":"ed895bbfddc813dca51f94e46fe61d48"},"timestamp":1542818716,"message":"OWASP CSRF PROTECTOR VALIDATION FAILURE"}
{"HOST":"proinso.sa.com","REQUEST_URI":"\/flujo\/login.php","requestType":"POST","cookie":{"PHPSESSID":"ed895bbfddc813dca51f94e46fe61d48"},"timestamp":1542818717,"message":"OWASP CSRF PROTECTOR VALIDATION FAILURE"}
{"HOST":"proinso.sa.com","REQUEST_URI":"\/flujo\/login.php","requestType":"POST","cookie":{"PHPSESSID":"db7b74bc80694dc8ea6b8ff90dee02ca"},"timestamp":1542821635,"message":"OWASP CSRF PROTECTOR VALIDATION FAILURE"}
{"HOST":"proinso.sa.com","REQUEST_URI":"\/flujo\/login.php","requestType":"POST","cookie":{"PHPSESSID":"bb7c425daa61067e1e808afcdaf6a1b8"},"timestamp":1542891325,"message":"OWASP CSRF PROTECTOR VALIDATION FAILURE"}
{"HOST":"proinso.sa.com","REQUEST_URI":"\/flujo\/login.php","requestType":"POST","cookie":{"PHPSESSID":"bb7c425daa61067e1e808afcdaf6a1b8"},"timestamp":1542891418,"message":"OWASP CSRF PROTECTOR VALIDATION FAILURE"}
{"HOST":"proinso.sa.com","REQUEST_URI":"\/flujo\/login.php","requestType":"POST","cookie":{"PHPSESSID":"bb7c425daa61067e1e808afcdaf6a1b8"},"timestamp":1542891422,"message":"OWASP CSRF PROTECTOR VALIDATION FAILURE"}
{"HOST":"proinso.sa.com","REQUEST_URI":"\/flujo\/login.php","requestType":"POST","cookie":{"PHPSESSID":"bb7c425daa61067e1e808afcdaf6a1b8"},"timestamp":1542891426,"message":"OWASP CSRF PROTECTOR VALIDATION FAILURE"}
{"HOST":"proinso.sa.com","REQUEST_URI":"\/flujo\/login.php","requestType":"POST","cookie":{"PHPSESSID":"bb7c425daa61067e1e808afcdaf6a1b8"},"timestamp":1542891427,"message":"OWASP CSRF PROTECTOR VALIDATION FAILURE"}
{"HOST":"proinso.sa.com","REQUEST_URI":"\/flujo\/login.php","requestType":"POST","cookie":{"PHPSESSID":"bb7c425daa61067e1e808afcdaf6a1b8"},"timestamp":1542891427,"message":"OWASP CSRF PROTECTOR VALIDATION FAILURE"}
{"HOST":"proinso.sa.com","REQUEST_URI":"\/flujo\/login.php","requestType":"POST","cookie":{"PHPSESSID":"bb7c425daa61067e1e808afcdaf6a1b8"},"timestamp":1542891427,"message":"OWASP CSRF PROTECTOR VALIDATION FAILURE"}
{"HOST":"proinso.sa.com","REQUEST_URI":"\/flujo\/login.php","requestType":"POST","cookie":{"PHPSESSID":"bb7c425daa61067e1e808afcdaf6a1b8"},"timestamp":1542891446,"message":"OWASP CSRF PROTECTOR VALIDATION FAILURE"}
{"HOST":"proinso.sa.com","REQUEST_URI":"\/flujo\/login.php","requestType":"POST","cookie":{"PHPSESSID":"bb7c425daa61067e1e808afcdaf6a1b8"},"timestamp":1542891446,"message":"OWASP CSRF PROTECTOR VALIDATION FAILURE"}
{"HOST":"proinso.sa.com","REQUEST_URI":"\/flujo\/login.php","requestType":"POST","cookie":{"PHPSESSID":"bb7c425daa61067e1e808afcdaf6a1b8"},"timestamp":1542891447,"message":"OWASP CSRF PROTECTOR VALIDATION FAILURE"}
{"HOST":"proinso.sa.com","REQUEST_URI":"\/flujo\/login.php","requestType":"POST","cookie":{"PHPSESSID":"bb7c425daa61067e1e808afcdaf6a1b8"},"timestamp":1542891447,"message":"OWASP CSRF PROTECTOR VALIDATION FAILURE"}
{"HOST":"proinso.sa.com","REQUEST_URI":"\/flujo\/login.php","requestType":"POST","cookie":{"PHPSESSID":"bb7c425daa61067e1e808afcdaf6a1b8"},"timestamp":1542891447,"message":"OWASP CSRF PROTECTOR VALIDATION FAILURE"}
{"HOST":"proinso.sa.com","REQUEST_URI":"\/flujo\/login.php","requestType":"POST","cookie":{"PHPSESSID":"bb7c425daa61067e1e808afcdaf6a1b8"},"timestamp":1542891447,"message":"OWASP CSRF PROTECTOR VALIDATION FAILURE"}
{"HOST":"proinso.sa.com","REQUEST_URI":"\/flujo\/login.php","requestType":"POST","cookie":{"PHPSESSID":"bb7c425daa61067e1e808afcdaf6a1b8"},"timestamp":1542891449,"message":"OWASP CSRF PROTECTOR VALIDATION FAILURE"}
{"HOST":"proinso.sa.com","REQUEST_URI":"\/flujo\/login.php","requestType":"POST","cookie":{"PHPSESSID":"bb7c425daa61067e1e808afcdaf6a1b8"},"timestamp":1542891450,"message":"OWASP CSRF PROTECTOR VALIDATION FAILURE"}
{"HOST":"proinso.sa.com","REQUEST_URI":"\/flujo\/login.php","requestType":"POST","cookie":{"PHPSESSID":"bb7c425daa61067e1e808afcdaf6a1b8"},"timestamp":1542891496,"message":"OWASP CSRF PROTECTOR VALIDATION FAILURE"}
{"HOST":"proinso.sa.com","REQUEST_URI":"\/flujo\/login.php","requestType":"POST","cookie":{"PHPSESSID":"bb7c425daa61067e1e808afcdaf6a1b8"},"timestamp":1542891496,"message":"OWASP CSRF PROTECTOR VALIDATION FAILURE"}
{"HOST":"proinso.sa.com","REQUEST_URI":"\/flujo\/login.php","requestType":"POST","cookie":{"PHPSESSID":"bb7c425daa61067e1e808afcdaf6a1b8"},"timestamp":1542891496,"message":"OWASP CSRF PROTECTOR VALIDATION FAILURE"}
{"HOST":"proinso.sa.com","REQUEST_URI":"\/flujo\/login.php","requestType":"POST","cookie":{"PHPSESSID":"bb7c425daa61067e1e808afcdaf6a1b8"},"timestamp":1542891500,"message":"OWASP CSRF PROTECTOR VALIDATION FAILURE"}
{"HOST":"proinso.sa.com","REQUEST_URI":"\/flujo\/login.php","requestType":"POST","cookie":{"PHPSESSID":"bb7c425daa61067e1e808afcdaf6a1b8"},"timestamp":1542891506,"message":"OWASP CSRF PROTECTOR VALIDATION FAILURE"}
{"HOST":"proinso.sa.com","REQUEST_URI":"\/flujo\/login.php","requestType":"POST","cookie":{"PHPSESSID":"bb7c425daa61067e1e808afcdaf6a1b8"},"timestamp":1542891507,"message":"OWASP CSRF PROTECTOR VALIDATION FAILURE"}
{"HOST":"proinso.sa.com","REQUEST_URI":"\/flujo\/login.php","requestType":"POST","cookie":{"PHPSESSID":"db7b74bc80694dc8ea6b8ff90dee02ca"},"timestamp":1542972606,"message":"OWASP CSRF PROTECTOR VALIDATION FAILURE"}
{"HOST":"proinso.sa.com","REQUEST_URI":"\/flujo\/login.php","requestType":"POST","cookie":{"PHPSESSID":"a33f0ac937934ee65ae2894a86c8d8c6"},"timestamp":1542999645,"message":"OWASP CSRF PROTECTOR VALIDATION FAILURE"}
{"HOST":"proinso.sa.com","REQUEST_URI":"\/flujo\/login.php","requestType":"POST","cookie":{"PHPSESSID":"a33f0ac937934ee65ae2894a86c8d8c6"},"timestamp":1542999645,"message":"OWASP CSRF PROTECTOR VALIDATION FAILURE"}
{"HOST":"proinso.sa.com","REQUEST_URI":"\/flujo\/login.php","requestType":"POST","cookie":{"PHPSESSID":"a33f0ac937934ee65ae2894a86c8d8c6"},"timestamp":1542999645,"message":"OWASP CSRF PROTECTOR VALIDATION FAILURE"}
{"HOST":"proinso.sa.com","REQUEST_URI":"\/flujo\/login.php","requestType":"POST","cookie":{"PHPSESSID":"a33f0ac937934ee65ae2894a86c8d8c6"},"timestamp":1542999645,"message":"OWASP CSRF PROTECTOR VALIDATION FAILURE"}
{"HOST":"proinso.sa.com","REQUEST_URI":"\/flujo\/login.php","requestType":"POST","cookie":{"PHPSESSID":"a33f0ac937934ee65ae2894a86c8d8c6"},"timestamp":1542999697,"message":"OWASP CSRF PROTECTOR VALIDATION FAILURE"}
{"HOST":"proinso.sa.com","REQUEST_URI":"\/flujo\/login.php","requestType":"POST","cookie":{"PHPSESSID":"a33f0ac937934ee65ae2894a86c8d8c6"},"timestamp":1542999793,"message":"OWASP CSRF PROTECTOR VALIDATION FAILURE"}
{"HOST":"proinso.sa.com","REQUEST_URI":"\/flujo\/login.php","requestType":"POST","cookie":{"PHPSESSID":"a33f0ac937934ee65ae2894a86c8d8c6"},"timestamp":1542999794,"message":"OWASP CSRF PROTECTOR VALIDATION FAILURE"}
{"HOST":"proinso.sa.com","REQUEST_URI":"\/flujo\/login.php","requestType":"POST","cookie":{"PHPSESSID":"a33f0ac937934ee65ae2894a86c8d8c6"},"timestamp":1542999794,"message":"OWASP CSRF PROTECTOR VALIDATION FAILURE"}
{"HOST":"proinso.sa.com","REQUEST_URI":"\/flujo\/login.php","requestType":"POST","cookie":{"PHPSESSID":"a33f0ac937934ee65ae2894a86c8d8c6"},"timestamp":1543000029,"message":"OWASP CSRF PROTECTOR VALIDATION FAILURE"}
{"HOST":"proinso.sa.com","REQUEST_URI":"\/flujo\/login.php","requestType":"POST","cookie":{"PHPSESSID":"74b3e314d8e71ae52fc55aa0c06fd610"},"timestamp":1543020602,"message":"OWASP CSRF PROTECTOR VALIDATION FAILURE"}
{"HOST":"proinso.sa.com","REQUEST_URI":"\/flujo\/login.php","requestType":"POST","cookie":{"PHPSESSID":"74b3e314d8e71ae52fc55aa0c06fd610"},"timestamp":1543020609,"message":"OWASP CSRF PROTECTOR VALIDATION FAILURE"}
{"HOST":"proinso.sa.com","REQUEST_URI":"\/flujo\/login.php","requestType":"POST","cookie":{"PHPSESSID":"74b3e314d8e71ae52fc55aa0c06fd610"},"timestamp":1543020609,"message":"OWASP CSRF PROTECTOR VALIDATION FAILURE"}
{"HOST":"proinso.sa.com","REQUEST_URI":"\/flujo\/login.php","requestType":"POST","cookie":{"PHPSESSID":"74b3e314d8e71ae52fc55aa0c06fd610"},"timestamp":1543020610,"message":"OWASP CSRF PROTECTOR VALIDATION FAILURE"}
{"HOST":"proinso.sa.com","REQUEST_URI":"\/flujo\/login.php","requestType":"POST","cookie":{"PHPSESSID":"74b3e314d8e71ae52fc55aa0c06fd610"},"timestamp":1543020614,"message":"OWASP CSRF PROTECTOR VALIDATION FAILURE"}
{"HOST":"proinso.sa.com","REQUEST_URI":"\/flujo\/login.php","requestType":"POST","cookie":{"PHPSESSID":"b9fd5110ea6f752ff4d68f852edea1e2"},"timestamp":1543064270,"message":"OWASP CSRF PROTECTOR VALIDATION FAILURE"}
{"HOST":"proinso.sa.com","REQUEST_URI":"\/flujo\/login.php","requestType":"POST","cookie":{"PHPSESSID":"b9fd5110ea6f752ff4d68f852edea1e2"},"timestamp":1543064274,"message":"OWASP CSRF PROTECTOR VALIDATION FAILURE"}
{"HOST":"proinso.sa.com","REQUEST_URI":"\/flujo\/login.php","requestType":"POST","cookie":{"PHPSESSID":"b9fd5110ea6f752ff4d68f852edea1e2"},"timestamp":1543064297,"message":"OWASP CSRF PROTECTOR VALIDATION FAILURE"}
{"HOST":"proinso.sa.com","REQUEST_URI":"\/flujo\/login.php","requestType":"POST","cookie":{"PHPSESSID":"b9fd5110ea6f752ff4d68f852edea1e2"},"timestamp":1543064297,"message":"OWASP CSRF PROTECTOR VALIDATION FAILURE"}
{"HOST":"proinso.sa.com","REQUEST_URI":"\/flujo\/login.php","requestType":"POST","cookie":{"PHPSESSID":"b9fd5110ea6f752ff4d68f852edea1e2"},"timestamp":1543064297,"message":"OWASP CSRF PROTECTOR VALIDATION FAILURE"}
{"HOST":"proinso.sa.com","REQUEST_URI":"\/flujo\/login.php","requestType":"POST","cookie":{"PHPSESSID":"b9fd5110ea6f752ff4d68f852edea1e2"},"timestamp":1543064341,"message":"OWASP CSRF PROTECTOR VALIDATION FAILURE"}
{"HOST":"proinso.py.digital","REQUEST_URI":"\/flujo\/login.php","requestType":"POST","cookie":{"PHPSESSID":"8c7e89b573e3f3830664210b13686f57"},"timestamp":1543094570,"message":"OWASP CSRF PROTECTOR VALIDATION FAILURE"}
{"HOST":"proinso.py.digital","REQUEST_URI":"\/flujo\/login.php","requestType":"POST","cookie":{"PHPSESSID":"8c7e89b573e3f3830664210b13686f57"},"timestamp":1543094647,"message":"OWASP CSRF PROTECTOR VALIDATION FAILURE"}
{"HOST":"proinso.py.digital","REQUEST_URI":"\/flujo\/login.php","requestType":"POST","cookie":{"PHPSESSID":"8c7e89b573e3f3830664210b13686f57"},"timestamp":1543094655,"message":"OWASP CSRF PROTECTOR VALIDATION FAILURE"}
{"HOST":"proinso.sa.com","REQUEST_URI":"\/flujo\/login.php","requestType":"POST","cookie":{"PHPSESSID":"60ad06c9ac1c024400bf4e6f3cc69485"},"timestamp":1543250486,"message":"OWASP CSRF PROTECTOR VALIDATION FAILURE"}
{"HOST":"proinso.sa.com","REQUEST_URI":"\/flujo\/login.php","requestType":"POST","cookie":{"PHPSESSID":"60ad06c9ac1c024400bf4e6f3cc69485"},"timestamp":1543250503,"message":"OWASP CSRF PROTECTOR VALIDATION FAILURE"}
{"HOST":"proinso.sa.com","REQUEST_URI":"\/flujo\/login.php","requestType":"POST","cookie":{"PHPSESSID":"60ad06c9ac1c024400bf4e6f3cc69485"},"timestamp":1543250511,"message":"OWASP CSRF PROTECTOR VALIDATION FAILURE"}
{"HOST":"proinso.sa.com","REQUEST_URI":"\/flujo\/login.php","requestType":"POST","cookie":{"PHPSESSID":"60ad06c9ac1c024400bf4e6f3cc69485"},"timestamp":1543250512,"message":"OWASP CSRF PROTECTOR VALIDATION FAILURE"}
{"HOST":"proinso.sa.com","REQUEST_URI":"\/flujo\/login.php","requestType":"POST","cookie":{"PHPSESSID":"60ad06c9ac1c024400bf4e6f3cc69485"},"timestamp":1543250514,"message":"OWASP CSRF PROTECTOR VALIDATION FAILURE"}
{"HOST":"proinso.sa.com","REQUEST_URI":"\/flujo\/login.php","requestType":"POST","cookie":{"PHPSESSID":"60ad06c9ac1c024400bf4e6f3cc69485"},"timestamp":1543250515,"message":"OWASP CSRF PROTECTOR VALIDATION FAILURE"}
{"HOST":"proinso.sa.com","REQUEST_URI":"\/flujo\/login.php","requestType":"POST","cookie":{"PHPSESSID":"60ad06c9ac1c024400bf4e6f3cc69485"},"timestamp":1543250516,"message":"OWASP CSRF PROTECTOR VALIDATION FAILURE"}
{"HOST":"proinso.sa.com","REQUEST_URI":"\/flujo\/login.php","requestType":"POST","cookie":{"PHPSESSID":"60ad06c9ac1c024400bf4e6f3cc69485"},"timestamp":1543250517,"message":"OWASP CSRF PROTECTOR VALIDATION FAILURE"}
{"HOST":"proinso.sa.com","REQUEST_URI":"\/flujo\/login.php","requestType":"POST","cookie":{"PHPSESSID":"60ad06c9ac1c024400bf4e6f3cc69485"},"timestamp":1543250519,"message":"OWASP CSRF PROTECTOR VALIDATION FAILURE"}
{"HOST":"proinso.sa.com","REQUEST_URI":"\/flujo\/login.php","requestType":"POST","cookie":{"PHPSESSID":"60ad06c9ac1c024400bf4e6f3cc69485"},"timestamp":1543250530,"message":"OWASP CSRF PROTECTOR VALIDATION FAILURE"}
{"HOST":"proinso.sa.com","REQUEST_URI":"\/flujo\/login.php","requestType":"POST","cookie":{"PHPSESSID":"60ad06c9ac1c024400bf4e6f3cc69485"},"timestamp":1543250532,"message":"OWASP CSRF PROTECTOR VALIDATION FAILURE"}
{"HOST":"proinso.sa.com","REQUEST_URI":"\/flujo\/login.php","requestType":"POST","cookie":{"PHPSESSID":"60ad06c9ac1c024400bf4e6f3cc69485"},"timestamp":1543250533,"message":"OWASP CSRF PROTECTOR VALIDATION FAILURE"}
{"HOST":"proinso.sa.com","REQUEST_URI":"\/flujo\/login.php","requestType":"POST","cookie":{"PHPSESSID":"60ad06c9ac1c024400bf4e6f3cc69485"},"timestamp":1543250539,"message":"OWASP CSRF PROTECTOR VALIDATION FAILURE"}
{"HOST":"proinso.sa.com","REQUEST_URI":"\/flujo\/login.php","requestType":"POST","cookie":{"PHPSESSID":"60ad06c9ac1c024400bf4e6f3cc69485"},"timestamp":1543250541,"message":"OWASP CSRF PROTECTOR VALIDATION FAILURE"}
{"HOST":"proinso.sa.com","REQUEST_URI":"\/flujo\/login.php","requestType":"POST","cookie":{"PHPSESSID":"6c03c149fc67397ec8c35ecb66501574"},"timestamp":1543342694,"message":"OWASP CSRF PROTECTOR VALIDATION FAILURE"}
{"HOST":"proinso.sa.com","REQUEST_URI":"\/flujo\/login.php","requestType":"POST","cookie":{"PHPSESSID":"6c03c149fc67397ec8c35ecb66501574"},"timestamp":1543342704,"message":"OWASP CSRF PROTECTOR VALIDATION FAILURE"}
{"HOST":"proinso.sa.com","REQUEST_URI":"\/flujo\/login.php","requestType":"POST","cookie":{"PHPSESSID":"6c03c149fc67397ec8c35ecb66501574"},"timestamp":1543342707,"message":"OWASP CSRF PROTECTOR VALIDATION FAILURE"}
{"HOST":"proinso.sa.com","REQUEST_URI":"\/flujo\/login.php","requestType":"POST","cookie":{"PHPSESSID":"6c03c149fc67397ec8c35ecb66501574"},"timestamp":1543342708,"message":"OWASP CSRF PROTECTOR VALIDATION FAILURE"}
{"HOST":"proinso.sa.com","REQUEST_URI":"\/flujo\/login.php","requestType":"POST","cookie":{"PHPSESSID":"6c03c149fc67397ec8c35ecb66501574"},"timestamp":1543342713,"message":"OWASP CSRF PROTECTOR VALIDATION FAILURE"}
{"HOST":"proinso.sa.com","REQUEST_URI":"\/flujo\/login.php","requestType":"POST","cookie":{"PHPSESSID":"6c03c149fc67397ec8c35ecb66501574"},"timestamp":1543342714,"message":"OWASP CSRF PROTECTOR VALIDATION FAILURE"}
{"HOST":"proinso.sa.com","REQUEST_URI":"\/flujo\/login.php","requestType":"POST","cookie":{"PHPSESSID":"6c03c149fc67397ec8c35ecb66501574"},"timestamp":1543342718,"message":"OWASP CSRF PROTECTOR VALIDATION FAILURE"}
{"HOST":"proinso.sa.com","REQUEST_URI":"\/flujo\/login.php","requestType":"POST","cookie":{"PHPSESSID":"db7b74bc80694dc8ea6b8ff90dee02ca"},"timestamp":1543439126,"message":"OWASP CSRF PROTECTOR VALIDATION FAILURE"}
{"HOST":"proinso.sa.com","REQUEST_URI":"\/flujo\/login.php","requestType":"POST","cookie":{"PHPSESSID":"db7b74bc80694dc8ea6b8ff90dee02ca"},"timestamp":1543492183,"message":"OWASP CSRF PROTECTOR VALIDATION FAILURE"}
